18/11/13 18:40:30 INFO pig.ExecTypeProvider: Trying ExecType : LOCAL
18/11/13 18:40:30 INFO pig.ExecTypeProvider: Picked LOCAL as the ExecType
2018-11-13 18:40:30,174 [main] INFO  org.apache.pig.Main - Apache Pig version 0.16.0 (r1746530) compiled Jun 01 2016, 23:10:49
2018-11-13 18:40:30,174 [main] INFO  org.apache.pig.Main - Logging error messages to: /home/hxs1136/project6/pig_1542163230172.log
2018-11-13 18:40:30,189 [main] INFO  org.apache.hadoop.conf.Configuration.deprecation - user.name is deprecated. Instead, use mapreduce.job.user.name
2018-11-13 18:40:30,563 [main] INFO  org.apache.pig.impl.util.Utils - Default bootup file /home/hxs1136/.pigbootup not found
2018-11-13 18:40:30,882 [main] INFO  org.apache.hadoop.conf.Configuration.deprecation - mapred.job.tracker is deprecated. Instead, use mapreduce.jobtracker.address
2018-11-13 18:40:30,883 [main] INFO  org.apache.hadoop.conf.Configuration.deprecation - fs.default.name is deprecated. Instead, use fs.defaultFS
2018-11-13 18:40:30,884 [main] INFO  org.apache.pig.backend.hadoop.executionengine.HExecutionEngine - Connecting to hadoop file system at: file:///
2018-11-13 18:40:30,942 [main] INFO  org.apache.pig.PigServer - Pig Script ID for the session: PIG-multiply.pig-6baf76a8-b40b-4bfd-9476-b828671cd672
2018-11-13 18:40:30,942 [main] WARN  org.apache.pig.PigServer - ATS is disabled since yarn.timeline-service.enabled set to false
2018-11-13 18:40:31,653 [main] INFO  org.apache.hadoop.conf.Configuration.deprecation - fs.default.name is deprecated. Instead, use fs.defaultFS
2018-11-13 18:40:31,750 [main] INFO  org.apache.hadoop.conf.Configuration.deprecation - fs.default.name is deprecated. Instead, use fs.defaultFS
2018-11-13 18:40:32,041 [main] INFO  org.apache.hadoop.conf.Configuration.deprecation - fs.default.name is deprecated. Instead, use fs.defaultFS
2018-11-13 18:40:32,123 [main] WARN  org.apache.pig.newplan.BaseOperatorPlan - Encountered Warning IMPLICIT_CAST_TO_DOUBLE 2 time(s).
2018-11-13 18:40:32,148 [main] INFO  org.apache.hadoop.conf.Configuration.deprecation - mapred.textoutputformat.separator is deprecated. Instead, use mapreduce.output.textoutputformat.separator
2018-11-13 18:40:32,187 [main] INFO  org.apache.pig.tools.pigstats.ScriptState - Pig features used in the script: HASH_JOIN,GROUP_BY
2018-11-13 18:40:32,289 [main] INFO  org.apache.hadoop.conf.Configuration.deprecation - fs.default.name is deprecated. Instead, use fs.defaultFS
2018-11-13 18:40:32,360 [main] INFO  org.apache.pig.newplan.logical.optimizer.LogicalPlanOptimizer - {RULES_ENABLED=[AddForEach, ColumnMapKeyPrune, ConstantCalculator, GroupByConstParallelSetter, LimitOptimizer, LoadTypeCastInserter, MergeFilter, MergeForEach, PartitionFilterOptimizer, PredicatePushdownOptimizer, PushDownForEachFlatten, PushUpFilter, SplitFilter, StreamTypeCastInserter]}
2018-11-13 18:40:32,475 [main] INFO  org.apache.pig.impl.util.SpillableMemoryManager - Selected heap (PS Old Gen) of size 699400192 to monitor. collectionUsageThreshold = 489580128, usageThreshold = 489580128
2018-11-13 18:40:32,724 [main] INFO  org.apache.pig.backend.hadoop.executionengine.mapReduceLayer.MRCompiler - File concatenation threshold: 100 optimistic? false
2018-11-13 18:40:32,742 [main] WARN  org.apache.hadoop.util.NativeCodeLoader - Unable to load native-hadoop library for your platform... using builtin-java classes where applicable
2018-11-13 18:40:32,762 [main] INFO  org.apache.pig.backend.hadoop.executionengine.util.CombinerOptimizerUtil - Choosing to move algebraic foreach to combiner
2018-11-13 18:40:32,777 [main] INFO  org.apache.pig.backend.hadoop.executionengine.mapReduceLayer.MRCompiler$LastInputStreamingOptimizer - Rewrite: POPackage->POForEach to POPackage(JoinPackager)
2018-11-13 18:40:32,783 [main] INFO  org.apache.pig.backend.hadoop.executionengine.mapReduceLayer.MultiQueryOptimizer - MR plan size before optimization: 2
2018-11-13 18:40:32,783 [main] INFO  org.apache.pig.backend.hadoop.executionengine.mapReduceLayer.MultiQueryOptimizer - MR plan size after optimization: 2
2018-11-13 18:40:32,840 [main] INFO  org.apache.hadoop.conf.Configuration.deprecation - fs.default.name is deprecated. Instead, use fs.defaultFS
2018-11-13 18:40:32,860 [main] INFO  org.apache.hadoop.conf.Configuration.deprecation - session.id is deprecated. Instead, use dfs.metrics.session-id
2018-11-13 18:40:32,860 [main] INFO  org.apache.hadoop.metrics.jvm.JvmMetrics - Initializing JVM Metrics with processName=JobTracker, sessionId=
2018-11-13 18:40:32,923 [main] INFO  org.apache.pig.tools.pigstats.mapreduce.MRScriptState - Pig script settings are added to the job
2018-11-13 18:40:32,929 [main] INFO  org.apache.hadoop.conf.Configuration.deprecation - mapred.job.reduce.markreset.buffer.percent is deprecated. Instead, use mapreduce.reduce.markreset.buffer.percent
2018-11-13 18:40:32,929 [main] INFO  org.apache.pig.backend.hadoop.executionengine.mapReduceLayer.JobControlCompiler - mapred.job.reduce.markreset.buffer.percent is not set, set to default 0.3
2018-11-13 18:40:32,930 [main] INFO  org.apache.hadoop.conf.Configuration.deprecation - mapred.output.compress is deprecated. Instead, use mapreduce.output.fileoutputformat.compress
2018-11-13 18:40:32,931 [main] INFO  org.apache.pig.backend.hadoop.executionengine.mapReduceLayer.JobControlCompiler - Reduce phase detected, estimating # of required reducers.
2018-11-13 18:40:32,932 [main] INFO  org.apache.pig.backend.hadoop.executionengine.mapReduceLayer.JobControlCompiler - Using reducer estimator: org.apache.pig.backend.hadoop.executionengine.mapReduceLayer.InputSizeReducerEstimator
2018-11-13 18:40:32,943 [main] INFO  org.apache.pig.backend.hadoop.executionengine.mapReduceLayer.InputSizeReducerEstimator - BytesPerReducer=1000000000 maxReducers=999 totalInputFileSize=159
2018-11-13 18:40:32,943 [main] INFO  org.apache.pig.backend.hadoop.executionengine.mapReduceLayer.JobControlCompiler - Setting Parallelism to 1
2018-11-13 18:40:32,943 [main] INFO  org.apache.hadoop.conf.Configuration.deprecation - mapred.reduce.tasks is deprecated. Instead, use mapreduce.job.reduces
2018-11-13 18:40:32,958 [main] INFO  org.apache.pig.backend.hadoop.executionengine.mapReduceLayer.JobControlCompiler - Setting up single store job
2018-11-13 18:40:32,964 [main] INFO  org.apache.pig.data.SchemaTupleFrontend - Key [pig.schematuple] is false, will not generate code.
2018-11-13 18:40:32,964 [main] INFO  org.apache.pig.data.SchemaTupleFrontend - Starting process to move generated code to distributed cacche
2018-11-13 18:40:32,964 [main] INFO  org.apache.pig.data.SchemaTupleFrontend - Distributed cache not supported or needed in local mode. Setting key [pig.schematuple.local.dir] with code temp directory: /tmp/1542163232964-0
2018-11-13 18:40:33,110 [main] INFO  org.apache.pig.backend.hadoop.executionengine.mapReduceLayer.MapReduceLauncher - 1 map-reduce job(s) waiting for submission.
2018-11-13 18:40:33,111 [main] INFO  org.apache.hadoop.conf.Configuration.deprecation - mapred.job.tracker.http.address is deprecated. Instead, use mapreduce.jobtracker.http.address
2018-11-13 18:40:33,120 [JobControl] INFO  org.apache.hadoop.metrics.jvm.JvmMetrics - Cannot initialize JVM Metrics with processName=JobTracker, sessionId= - already initialized
2018-11-13 18:40:33,155 [JobControl] INFO  org.apache.hadoop.conf.Configuration.deprecation - mapred.task.id is deprecated. Instead, use mapreduce.task.attempt.id
2018-11-13 18:40:34,081 [JobControl] WARN  org.apache.hadoop.mapreduce.JobSubmitter - No job jar file set.  User classes may not be found. See Job or Job#setJar(String).
2018-11-13 18:40:34,124 [JobControl] INFO  org.apache.pig.builtin.PigStorage - Using PigTextInputFormat
2018-11-13 18:40:34,166 [JobControl] INFO  org.apache.hadoop.mapreduce.lib.input.FileInputFormat - Total input paths to process : 1
2018-11-13 18:40:34,166 [JobControl] INFO  org.apache.pig.backend.hadoop.executionengine.util.MapRedUtil - Total input paths to process : 1
2018-11-13 18:40:34,218 [JobControl] INFO  org.apache.pig.backend.hadoop.executionengine.util.MapRedUtil - Total input paths (combined) to process : 1
2018-11-13 18:40:34,224 [JobControl] INFO  org.apache.pig.builtin.PigStorage - Using PigTextInputFormat
2018-11-13 18:40:34,247 [JobControl] INFO  org.apache.hadoop.mapreduce.lib.input.FileInputFormat - Total input paths to process : 1
2018-11-13 18:40:34,247 [JobControl] INFO  org.apache.pig.backend.hadoop.executionengine.util.MapRedUtil - Total input paths to process : 1
2018-11-13 18:40:34,247 [JobControl] INFO  org.apache.pig.backend.hadoop.executionengine.util.MapRedUtil - Total input paths (combined) to process : 1
2018-11-13 18:40:34,356 [JobControl] INFO  org.apache.hadoop.mapreduce.JobSubmitter - number of splits:2
2018-11-13 18:40:34,556 [JobControl] INFO  org.apache.hadoop.mapreduce.JobSubmitter - Submitting tokens for job: job_local1964714521_0001
2018-11-13 18:40:34,613 [JobControl] WARN  org.apache.hadoop.conf.Configuration - file:/tmp/hadoop-hxs1136/mapred/staging/hxs11361964714521/.staging/job_local1964714521_0001/job.xml:an attempt to override final parameter: yarn.resourcemanager.hostname;  Ignoring.
2018-11-13 18:40:34,833 [JobControl] INFO  org.apache.hadoop.mapreduce.Job - The url to track the job: http://localhost:8080/
2018-11-13 18:40:34,839 [main] INFO  org.apache.pig.backend.hadoop.executionengine.mapReduceLayer.MapReduceLauncher - HadoopJobId: job_local1964714521_0001
2018-11-13 18:40:34,839 [main] INFO  org.apache.pig.backend.hadoop.executionengine.mapReduceLayer.MapReduceLauncher - Processing aliases M,N,join1,multiply1
2018-11-13 18:40:34,839 [main] INFO  org.apache.pig.backend.hadoop.executionengine.mapReduceLayer.MapReduceLauncher - detailed locations: M: N[2,4],N[-1,-1],join1[4,8],M[1,4],M[-1,-1],join1[4,8] C:  R: multiply1[5,12]
2018-11-13 18:40:34,846 [main] INFO  org.apache.pig.backend.hadoop.executionengine.mapReduceLayer.MapReduceLauncher - 0% complete
2018-11-13 18:40:34,846 [main] INFO  org.apache.pig.backend.hadoop.executionengine.mapReduceLayer.MapReduceLauncher - Running jobs are [job_local1964714521_0001]
2018-11-13 18:40:34,847 [Thread-14] INFO  org.apache.hadoop.mapred.LocalJobRunner - OutputCommitter set in config null
2018-11-13 18:40:34,893 [Thread-14] INFO  org.apache.hadoop.conf.Configuration.deprecation - mapred.job.tracker is deprecated. Instead, use mapreduce.jobtracker.address
2018-11-13 18:40:34,893 [Thread-14] INFO  org.apache.hadoop.conf.Configuration.deprecation - mapred.job.reduce.markreset.buffer.percent is deprecated. Instead, use mapreduce.reduce.markreset.buffer.percent
2018-11-13 18:40:34,893 [Thread-14] INFO  org.apache.hadoop.conf.Configuration.deprecation - mapred.reduce.tasks is deprecated. Instead, use mapreduce.job.reduces
2018-11-13 18:40:34,893 [Thread-14] INFO  org.apache.hadoop.conf.Configuration.deprecation - fs.default.name is deprecated. Instead, use fs.defaultFS
2018-11-13 18:40:34,895 [Thread-14] INFO  org.apache.hadoop.mapred.LocalJobRunner - OutputCommitter is org.apache.pig.backend.hadoop.executionengine.mapReduceLayer.PigOutputCommitter
2018-11-13 18:40:34,937 [Thread-14] INFO  org.apache.hadoop.mapred.LocalJobRunner - Waiting for map tasks
2018-11-13 18:40:34,937 [LocalJobRunner Map Task Executor #0] INFO  org.apache.hadoop.mapred.LocalJobRunner - Starting task: attempt_local1964714521_0001_m_000000_0
2018-11-13 18:40:35,064 [LocalJobRunner Map Task Executor #0] INFO  org.apache.hadoop.mapred.Task -  Using ResourceCalculatorProcessTree : [ ]
2018-11-13 18:40:35,068 [LocalJobRunner Map Task Executor #0] INFO  org.apache.hadoop.mapred.MapTask - Processing split: Number of splits :1
Total Length = 92
Input split[0]:
   Length = 92
   ClassName: org.apache.hadoop.mapreduce.lib.input.FileSplit
   Locations:

-----------------------

2018-11-13 18:40:35,087 [LocalJobRunner Map Task Executor #0] INFO  org.apache.pig.builtin.PigStorage - Using PigTextInputFormat
2018-11-13 18:40:35,105 [LocalJobRunner Map Task Executor #0] INFO  org.apache.pig.backend.hadoop.executionengine.mapReduceLayer.PigRecordReader - Current split being processed file:/home/hxs1136/project6/M-matrix-small.txt:0+92
2018-11-13 18:40:35,128 [LocalJobRunner Map Task Executor #0] INFO  org.apache.hadoop.mapred.MapTask - (EQUATOR) 0 kvi 26214396(104857584)
2018-11-13 18:40:35,128 [LocalJobRunner Map Task Executor #0] INFO  org.apache.hadoop.mapred.MapTask - mapreduce.task.io.sort.mb: 100
2018-11-13 18:40:35,129 [LocalJobRunner Map Task Executor #0] INFO  org.apache.hadoop.mapred.MapTask - soft limit at 83886080
2018-11-13 18:40:35,129 [LocalJobRunner Map Task Executor #0] INFO  org.apache.hadoop.mapred.MapTask - bufstart = 0; bufvoid = 104857600
2018-11-13 18:40:35,129 [LocalJobRunner Map Task Executor #0] INFO  org.apache.hadoop.mapred.MapTask - kvstart = 26214396; length = 6553600
2018-11-13 18:40:35,131 [LocalJobRunner Map Task Executor #0] INFO  org.apache.hadoop.mapred.MapTask - Map output collector class = org.apache.hadoop.mapred.MapTask$MapOutputBuffer
2018-11-13 18:40:35,139 [LocalJobRunner Map Task Executor #0] INFO  org.apache.pig.impl.util.SpillableMemoryManager - Selected heap (PS Old Gen) of size 699400192 to monitor. collectionUsageThreshold = 489580128, usageThreshold = 489580128
2018-11-13 18:40:35,141 [LocalJobRunner Map Task Executor #0] INFO  org.apache.pig.data.SchemaTupleBackend - Key [pig.schematuple] was not set... will not generate code.
2018-11-13 18:40:35,147 [LocalJobRunner Map Task Executor #0] INFO  org.apache.pig.backend.hadoop.executionengine.mapReduceLayer.PigGenericMapReduce$Map - Aliases being processed per job phase (AliasName[line,offset]): M: N[2,4],N[-1,-1],join1[4,8],M[1,4],M[-1,-1],join1[4,8] C:  R: multiply1[5,12]
2018-11-13 18:40:35,170 [LocalJobRunner Map Task Executor #0] INFO  org.apache.hadoop.mapred.LocalJobRunner - 
2018-11-13 18:40:35,171 [LocalJobRunner Map Task Executor #0] INFO  org.apache.hadoop.mapred.MapTask - Starting flush of map output
2018-11-13 18:40:35,171 [LocalJobRunner Map Task Executor #0] INFO  org.apache.hadoop.mapred.MapTask - Spilling map output
2018-11-13 18:40:35,171 [LocalJobRunner Map Task Executor #0] INFO  org.apache.hadoop.mapred.MapTask - bufstart = 0; bufend = 191; bufvoid = 104857600
2018-11-13 18:40:35,171 [LocalJobRunner Map Task Executor #0] INFO  org.apache.hadoop.mapred.MapTask - kvstart = 26214396(104857584); kvend = 26214356(104857424); length = 41/6553600
2018-11-13 18:40:35,181 [LocalJobRunner Map Task Executor #0] INFO  org.apache.hadoop.mapred.MapTask - Finished spill 0
2018-11-13 18:40:35,183 [LocalJobRunner Map Task Executor #0] INFO  org.apache.hadoop.mapred.Task - Task:attempt_local1964714521_0001_m_000000_0 is done. And is in the process of committing
2018-11-13 18:40:35,195 [LocalJobRunner Map Task Executor #0] INFO  org.apache.hadoop.mapred.LocalJobRunner - map
2018-11-13 18:40:35,196 [LocalJobRunner Map Task Executor #0] INFO  org.apache.hadoop.mapred.Task - Task 'attempt_local1964714521_0001_m_000000_0' done.
2018-11-13 18:40:35,196 [LocalJobRunner Map Task Executor #0] INFO  org.apache.hadoop.mapred.LocalJobRunner - Finishing task: attempt_local1964714521_0001_m_000000_0
2018-11-13 18:40:35,196 [LocalJobRunner Map Task Executor #0] INFO  org.apache.hadoop.mapred.LocalJobRunner - Starting task: attempt_local1964714521_0001_m_000001_0
2018-11-13 18:40:35,205 [LocalJobRunner Map Task Executor #0] INFO  org.apache.hadoop.mapred.Task -  Using ResourceCalculatorProcessTree : [ ]
2018-11-13 18:40:35,206 [LocalJobRunner Map Task Executor #0] INFO  org.apache.hadoop.mapred.MapTask - Processing split: Number of splits :1
Total Length = 67
Input split[0]:
   Length = 67
   ClassName: org.apache.hadoop.mapreduce.lib.input.FileSplit
   Locations:

-----------------------

2018-11-13 18:40:35,208 [LocalJobRunner Map Task Executor #0] INFO  org.apache.pig.builtin.PigStorage - Using PigTextInputFormat
2018-11-13 18:40:35,208 [LocalJobRunner Map Task Executor #0] INFO  org.apache.pig.backend.hadoop.executionengine.mapReduceLayer.PigRecordReader - Current split being processed file:/home/hxs1136/project6/N-matrix-small.txt:0+67
2018-11-13 18:40:35,814 [main] INFO  org.apache.pig.backend.hadoop.executionengine.mapReduceLayer.MapReduceLauncher - 25% complete
2018-11-13 18:40:35,815 [main] INFO  org.apache.pig.backend.hadoop.executionengine.mapReduceLayer.MapReduceLauncher - Running jobs are [job_local1964714521_0001]
2018-11-13 18:40:35,857 [LocalJobRunner Map Task Executor #0] INFO  org.apache.hadoop.mapred.MapTask - (EQUATOR) 0 kvi 26214396(104857584)
2018-11-13 18:40:35,857 [LocalJobRunner Map Task Executor #0] INFO  org.apache.hadoop.mapred.MapTask - mapreduce.task.io.sort.mb: 100
2018-11-13 18:40:35,857 [LocalJobRunner Map Task Executor #0] INFO  org.apache.hadoop.mapred.MapTask - soft limit at 83886080
2018-11-13 18:40:35,857 [LocalJobRunner Map Task Executor #0] INFO  org.apache.hadoop.mapred.MapTask - bufstart = 0; bufvoid = 104857600
2018-11-13 18:40:35,857 [LocalJobRunner Map Task Executor #0] INFO  org.apache.hadoop.mapred.MapTask - kvstart = 26214396; length = 6553600
2018-11-13 18:40:35,858 [LocalJobRunner Map Task Executor #0] INFO  org.apache.hadoop.mapred.MapTask - Map output collector class = org.apache.hadoop.mapred.MapTask$MapOutputBuffer
2018-11-13 18:40:35,861 [LocalJobRunner Map Task Executor #0] INFO  org.apache.pig.impl.util.SpillableMemoryManager - Selected heap (PS Old Gen) of size 699400192 to monitor. collectionUsageThreshold = 489580128, usageThreshold = 489580128
2018-11-13 18:40:35,861 [LocalJobRunner Map Task Executor #0] WARN  org.apache.pig.data.SchemaTupleBackend - SchemaTupleBackend has already been initialized
2018-11-13 18:40:35,864 [LocalJobRunner Map Task Executor #0] INFO  org.apache.pig.backend.hadoop.executionengine.mapReduceLayer.PigGenericMapReduce$Map - Aliases being processed per job phase (AliasName[line,offset]): M: N[2,4],N[-1,-1],join1[4,8],M[1,4],M[-1,-1],join1[4,8] C:  R: multiply1[5,12]
2018-11-13 18:40:35,890 [LocalJobRunner Map Task Executor #0] INFO  org.apache.hadoop.mapred.LocalJobRunner - 
2018-11-13 18:40:35,890 [LocalJobRunner Map Task Executor #0] INFO  org.apache.hadoop.mapred.MapTask - Starting flush of map output
2018-11-13 18:40:35,891 [LocalJobRunner Map Task Executor #0] INFO  org.apache.hadoop.mapred.MapTask - Spilling map output
2018-11-13 18:40:35,891 [LocalJobRunner Map Task Executor #0] INFO  org.apache.hadoop.mapred.MapTask - bufstart = 0; bufend = 139; bufvoid = 104857600
2018-11-13 18:40:35,891 [LocalJobRunner Map Task Executor #0] INFO  org.apache.hadoop.mapred.MapTask - kvstart = 26214396(104857584); kvend = 26214368(104857472); length = 29/6553600
2018-11-13 18:40:35,901 [LocalJobRunner Map Task Executor #0] INFO  org.apache.hadoop.mapred.MapTask - Finished spill 0
2018-11-13 18:40:35,904 [LocalJobRunner Map Task Executor #0] INFO  org.apache.hadoop.mapred.Task - Task:attempt_local1964714521_0001_m_000001_0 is done. And is in the process of committing
2018-11-13 18:40:35,907 [LocalJobRunner Map Task Executor #0] INFO  org.apache.hadoop.mapred.LocalJobRunner - map
2018-11-13 18:40:35,907 [LocalJobRunner Map Task Executor #0] INFO  org.apache.hadoop.mapred.Task - Task 'attempt_local1964714521_0001_m_000001_0' done.
2018-11-13 18:40:35,907 [LocalJobRunner Map Task Executor #0] INFO  org.apache.hadoop.mapred.LocalJobRunner - Finishing task: attempt_local1964714521_0001_m_000001_0
2018-11-13 18:40:35,907 [Thread-14] INFO  org.apache.hadoop.mapred.LocalJobRunner - map task executor complete.
2018-11-13 18:40:35,909 [Thread-14] INFO  org.apache.hadoop.mapred.LocalJobRunner - Waiting for reduce tasks
2018-11-13 18:40:35,916 [pool-3-thread-1] INFO  org.apache.hadoop.mapred.LocalJobRunner - Starting task: attempt_local1964714521_0001_r_000000_0
2018-11-13 18:40:35,956 [pool-3-thread-1] INFO  org.apache.hadoop.mapred.Task -  Using ResourceCalculatorProcessTree : [ ]
2018-11-13 18:40:35,973 [pool-3-thread-1] INFO  org.apache.hadoop.mapred.ReduceTask - Using ShuffleConsumerPlugin: org.apache.hadoop.mapreduce.task.reduce.Shuffle@2bc31445
2018-11-13 18:40:36,028 [pool-3-thread-1] INFO  org.apache.hadoop.mapreduce.task.reduce.MergeManagerImpl - MergerManager: memoryLimit=652528832, maxSingleShuffleLimit=163132208, mergeThreshold=430669056, ioSortFactor=10, memToMemMergeOutputsThreshold=10
2018-11-13 18:40:36,070 [EventFetcher for fetching Map Completion Events] INFO  org.apache.hadoop.mapreduce.task.reduce.EventFetcher - attempt_local1964714521_0001_r_000000_0 Thread started: EventFetcher for fetching Map Completion Events
2018-11-13 18:40:36,186 [localfetcher#1] INFO  org.apache.hadoop.mapreduce.task.reduce.LocalFetcher - localfetcher#1 about to shuffle output of map attempt_local1964714521_0001_m_000001_0 decomp: 157 len: 161 to MEMORY
2018-11-13 18:40:36,190 [localfetcher#1] INFO  org.apache.hadoop.mapreduce.task.reduce.InMemoryMapOutput - Read 157 bytes from map-output for attempt_local1964714521_0001_m_000001_0
2018-11-13 18:40:36,259 [localfetcher#1] INFO  org.apache.hadoop.mapreduce.task.reduce.MergeManagerImpl - closeInMemoryFile -> map-output of size: 157, inMemoryMapOutputs.size() -> 1, commitMemory -> 0, usedMemory ->157
2018-11-13 18:40:36,273 [localfetcher#1] INFO  org.apache.hadoop.mapreduce.task.reduce.LocalFetcher - localfetcher#1 about to shuffle output of map attempt_local1964714521_0001_m_000000_0 decomp: 215 len: 219 to MEMORY
2018-11-13 18:40:36,273 [localfetcher#1] INFO  org.apache.hadoop.mapreduce.task.reduce.InMemoryMapOutput - Read 215 bytes from map-output for attempt_local1964714521_0001_m_000000_0
2018-11-13 18:40:36,273 [localfetcher#1] INFO  org.apache.hadoop.mapreduce.task.reduce.MergeManagerImpl - closeInMemoryFile -> map-output of size: 215, inMemoryMapOutputs.size() -> 2, commitMemory -> 157, usedMemory ->372
2018-11-13 18:40:36,284 [EventFetcher for fetching Map Completion Events] INFO  org.apache.hadoop.mapreduce.task.reduce.EventFetcher - EventFetcher is interrupted.. Returning
2018-11-13 18:40:36,285 [pool-3-thread-1] INFO  org.apache.hadoop.mapred.LocalJobRunner - 2 / 2 copied.
2018-11-13 18:40:36,285 [pool-3-thread-1] INFO  org.apache.hadoop.mapreduce.task.reduce.MergeManagerImpl - finalMerge called with 2 in-memory map-outputs and 0 on-disk map-outputs
2018-11-13 18:40:36,291 [pool-3-thread-1] INFO  org.apache.hadoop.mapred.Merger - Merging 2 sorted segments
2018-11-13 18:40:36,291 [pool-3-thread-1] INFO  org.apache.hadoop.mapred.Merger - Down to the last merge-pass, with 2 segments left of total size: 356 bytes
2018-11-13 18:40:36,292 [pool-3-thread-1] INFO  org.apache.hadoop.mapreduce.task.reduce.MergeManagerImpl - Merged 2 segments, 372 bytes to disk to satisfy reduce memory limit
2018-11-13 18:40:36,292 [pool-3-thread-1] INFO  org.apache.hadoop.mapreduce.task.reduce.MergeManagerImpl - Merging 1 files, 374 bytes from disk
2018-11-13 18:40:36,292 [pool-3-thread-1] INFO  org.apache.hadoop.mapreduce.task.reduce.MergeManagerImpl - Merging 0 segments, 0 bytes from memory into reduce
2018-11-13 18:40:36,292 [pool-3-thread-1] INFO  org.apache.hadoop.mapred.Merger - Merging 1 sorted segments
2018-11-13 18:40:36,293 [pool-3-thread-1] INFO  org.apache.hadoop.mapred.Merger - Down to the last merge-pass, with 1 segments left of total size: 362 bytes
2018-11-13 18:40:36,293 [pool-3-thread-1] INFO  org.apache.hadoop.mapred.LocalJobRunner - 2 / 2 copied.
2018-11-13 18:40:36,324 [pool-3-thread-1] INFO  org.apache.hadoop.conf.Configuration.deprecation - mapred.skip.on is deprecated. Instead, use mapreduce.job.skiprecords
2018-11-13 18:40:36,327 [pool-3-thread-1] INFO  org.apache.pig.impl.util.SpillableMemoryManager - Selected heap (PS Old Gen) of size 699400192 to monitor. collectionUsageThreshold = 489580128, usageThreshold = 489580128
2018-11-13 18:40:36,328 [pool-3-thread-1] WARN  org.apache.pig.data.SchemaTupleBackend - SchemaTupleBackend has already been initialized
2018-11-13 18:40:36,358 [pool-3-thread-1] INFO  org.apache.pig.backend.hadoop.executionengine.mapReduceLayer.PigMapReduce$Reduce - Aliases being processed per job phase (AliasName[line,offset]): M: N[2,4],N[-1,-1],join1[4,8],M[1,4],M[-1,-1],join1[4,8] C:  R: multiply1[5,12]
2018-11-13 18:40:36,399 [pool-3-thread-1] INFO  org.apache.hadoop.mapred.Task - Task:attempt_local1964714521_0001_r_000000_0 is done. And is in the process of committing
2018-11-13 18:40:36,422 [pool-3-thread-1] INFO  org.apache.hadoop.mapred.LocalJobRunner - 2 / 2 copied.
2018-11-13 18:40:36,422 [pool-3-thread-1] INFO  org.apache.hadoop.mapred.Task - Task attempt_local1964714521_0001_r_000000_0 is allowed to commit now
2018-11-13 18:40:36,423 [pool-3-thread-1] INFO  org.apache.hadoop.mapreduce.lib.output.FileOutputCommitter - Saved output of task 'attempt_local1964714521_0001_r_000000_0' to file:/tmp/temp-71288734/tmp1626788385/_temporary/0/task_local1964714521_0001_r_000000
2018-11-13 18:40:36,424 [pool-3-thread-1] INFO  org.apache.hadoop.mapred.LocalJobRunner - reduce > reduce
2018-11-13 18:40:36,425 [pool-3-thread-1] INFO  org.apache.hadoop.mapred.Task - Task 'attempt_local1964714521_0001_r_000000_0' done.
2018-11-13 18:40:36,425 [pool-3-thread-1] INFO  org.apache.hadoop.mapred.LocalJobRunner - Finishing task: attempt_local1964714521_0001_r_000000_0
2018-11-13 18:40:36,425 [Thread-14] INFO  org.apache.hadoop.mapred.LocalJobRunner - reduce task executor complete.
2018-11-13 18:40:36,617 [main] INFO  org.apache.pig.backend.hadoop.executionengine.mapReduceLayer.MapReduceLauncher - 50% complete
2018-11-13 18:40:36,618 [main] INFO  org.apache.hadoop.metrics.jvm.JvmMetrics - Cannot initialize JVM Metrics with processName=JobTracker, sessionId= - already initialized
2018-11-13 18:40:36,623 [main] INFO  org.apache.hadoop.metrics.jvm.JvmMetrics - Cannot initialize JVM Metrics with processName=JobTracker, sessionId= - already initialized
2018-11-13 18:40:36,626 [main] INFO  org.apache.hadoop.conf.Configuration.deprecation - mapred.map.tasks is deprecated. Instead, use mapreduce.job.maps
2018-11-13 18:40:36,637 [main] INFO  org.apache.hadoop.metrics.jvm.JvmMetrics - Cannot initialize JVM Metrics with processName=JobTracker, sessionId= - already initialized
2018-11-13 18:40:36,778 [main] INFO  org.apache.pig.tools.pigstats.mapreduce.MRScriptState - Pig script settings are added to the job
2018-11-13 18:40:36,785 [main] INFO  org.apache.pig.backend.hadoop.executionengine.mapReduceLayer.JobControlCompiler - mapred.job.reduce.markreset.buffer.percent is not set, set to default 0.3
2018-11-13 18:40:36,786 [main] INFO  org.apache.pig.backend.hadoop.executionengine.mapReduceLayer.JobControlCompiler - Reduce phase detected, estimating # of required reducers.
2018-11-13 18:40:36,786 [main] INFO  org.apache.pig.backend.hadoop.executionengine.mapReduceLayer.JobControlCompiler - Using reducer estimator: org.apache.pig.backend.hadoop.executionengine.mapReduceLayer.InputSizeReducerEstimator
2018-11-13 18:40:36,787 [main] INFO  org.apache.pig.backend.hadoop.executionengine.mapReduceLayer.InputSizeReducerEstimator - BytesPerReducer=1000000000 maxReducers=999 totalInputFileSize=551
2018-11-13 18:40:36,787 [main] INFO  org.apache.pig.backend.hadoop.executionengine.mapReduceLayer.JobControlCompiler - Setting Parallelism to 1
2018-11-13 18:40:36,798 [main] INFO  org.apache.pig.backend.hadoop.executionengine.mapReduceLayer.JobControlCompiler - Setting up single store job
2018-11-13 18:40:36,891 [main] INFO  org.apache.pig.backend.hadoop.executionengine.mapReduceLayer.MapReduceLauncher - 1 map-reduce job(s) waiting for submission.
2018-11-13 18:40:36,913 [JobControl] INFO  org.apache.hadoop.metrics.jvm.JvmMetrics - Cannot initialize JVM Metrics with processName=JobTracker, sessionId= - already initialized
2018-11-13 18:40:36,935 [JobControl] INFO  org.apache.hadoop.conf.Configuration.deprecation - fs.default.name is deprecated. Instead, use fs.defaultFS
2018-11-13 18:40:37,016 [JobControl] WARN  org.apache.hadoop.mapreduce.JobSubmitter - No job jar file set.  User classes may not be found. See Job or Job#setJar(String).
2018-11-13 18:40:37,133 [JobControl] INFO  org.apache.hadoop.mapreduce.lib.input.FileInputFormat - Total input paths to process : 1
2018-11-13 18:40:37,133 [JobControl] INFO  org.apache.pig.backend.hadoop.executionengine.util.MapRedUtil - Total input paths to process : 1
2018-11-13 18:40:37,133 [JobControl] INFO  org.apache.pig.backend.hadoop.executionengine.util.MapRedUtil - Total input paths (combined) to process : 1
2018-11-13 18:40:37,240 [JobControl] INFO  org.apache.hadoop.mapreduce.JobSubmitter - number of splits:1
2018-11-13 18:40:37,299 [JobControl] INFO  org.apache.hadoop.mapreduce.JobSubmitter - Submitting tokens for job: job_local888166440_0002
2018-11-13 18:40:37,391 [JobControl] WARN  org.apache.hadoop.conf.Configuration - file:/tmp/hadoop-hxs1136/mapred/staging/hxs1136888166440/.staging/job_local888166440_0002/job.xml:an attempt to override final parameter: yarn.resourcemanager.hostname;  Ignoring.
2018-11-13 18:40:37,569 [JobControl] INFO  org.apache.hadoop.mapreduce.Job - The url to track the job: http://localhost:8080/
2018-11-13 18:40:37,575 [main] INFO  org.apache.pig.backend.hadoop.executionengine.mapReduceLayer.MapReduceLauncher - HadoopJobId: job_local888166440_0002
2018-11-13 18:40:37,575 [main] INFO  org.apache.pig.backend.hadoop.executionengine.mapReduceLayer.MapReduceLauncher - Processing aliases add,group1
2018-11-13 18:40:37,575 [main] INFO  org.apache.pig.backend.hadoop.executionengine.mapReduceLayer.MapReduceLauncher - detailed locations: M: add[7,6],group1[6,9] C: add[7,6],group1[6,9] R: add[7,6]
2018-11-13 18:40:37,581 [Thread-37] INFO  org.apache.hadoop.mapred.LocalJobRunner - OutputCommitter set in config null
2018-11-13 18:40:37,599 [Thread-37] INFO  org.apache.hadoop.conf.Configuration.deprecation - mapred.textoutputformat.separator is deprecated. Instead, use mapreduce.output.textoutputformat.separator
2018-11-13 18:40:37,602 [Thread-37] INFO  org.apache.hadoop.conf.Configuration.deprecation - mapred.job.tracker is deprecated. Instead, use mapreduce.jobtracker.address
2018-11-13 18:40:37,602 [Thread-37] INFO  org.apache.hadoop.conf.Configuration.deprecation - mapred.job.reduce.markreset.buffer.percent is deprecated. Instead, use mapreduce.reduce.markreset.buffer.percent
2018-11-13 18:40:37,602 [Thread-37] INFO  org.apache.hadoop.conf.Configuration.deprecation - mapred.reduce.tasks is deprecated. Instead, use mapreduce.job.reduces
2018-11-13 18:40:37,602 [Thread-37] INFO  org.apache.hadoop.conf.Configuration.deprecation - fs.default.name is deprecated. Instead, use fs.defaultFS
2018-11-13 18:40:37,605 [Thread-37] INFO  org.apache.hadoop.mapred.LocalJobRunner - OutputCommitter is org.apache.pig.backend.hadoop.executionengine.mapReduceLayer.PigOutputCommitter
2018-11-13 18:40:37,625 [Thread-37] INFO  org.apache.hadoop.mapred.LocalJobRunner - Waiting for map tasks
2018-11-13 18:40:37,625 [LocalJobRunner Map Task Executor #0] INFO  org.apache.hadoop.mapred.LocalJobRunner - Starting task: attempt_local888166440_0002_m_000000_0
2018-11-13 18:40:37,658 [LocalJobRunner Map Task Executor #0] INFO  org.apache.hadoop.mapred.Task -  Using ResourceCalculatorProcessTree : [ ]
2018-11-13 18:40:37,674 [LocalJobRunner Map Task Executor #0] INFO  org.apache.hadoop.mapred.MapTask - Processing split: Number of splits :1
Total Length = 551
Input split[0]:
   Length = 551
   ClassName: org.apache.hadoop.mapreduce.lib.input.FileSplit
   Locations:

-----------------------

2018-11-13 18:40:37,677 [LocalJobRunner Map Task Executor #0] INFO  org.apache.pig.backend.hadoop.executionengine.mapReduceLayer.PigRecordReader - Current split being processed file:/tmp/temp-71288734/tmp1626788385/part-r-00000:0+551
2018-11-13 18:40:37,717 [LocalJobRunner Map Task Executor #0] INFO  org.apache.hadoop.mapred.MapTask - (EQUATOR) 0 kvi 26214396(104857584)
2018-11-13 18:40:37,717 [LocalJobRunner Map Task Executor #0] INFO  org.apache.hadoop.mapred.MapTask - mapreduce.task.io.sort.mb: 100
2018-11-13 18:40:37,717 [LocalJobRunner Map Task Executor #0] INFO  org.apache.hadoop.mapred.MapTask - soft limit at 83886080
2018-11-13 18:40:37,717 [LocalJobRunner Map Task Executor #0] INFO  org.apache.hadoop.mapred.MapTask - bufstart = 0; bufvoid = 104857600
2018-11-13 18:40:37,717 [LocalJobRunner Map Task Executor #0] INFO  org.apache.hadoop.mapred.MapTask - kvstart = 26214396; length = 6553600
2018-11-13 18:40:37,730 [LocalJobRunner Map Task Executor #0] INFO  org.apache.hadoop.mapred.MapTask - Map output collector class = org.apache.hadoop.mapred.MapTask$MapOutputBuffer
2018-11-13 18:40:37,732 [LocalJobRunner Map Task Executor #0] INFO  org.apache.pig.impl.util.SpillableMemoryManager - Selected heap (PS Old Gen) of size 699400192 to monitor. collectionUsageThreshold = 489580128, usageThreshold = 489580128
2018-11-13 18:40:37,733 [LocalJobRunner Map Task Executor #0] WARN  org.apache.pig.data.SchemaTupleBackend - SchemaTupleBackend has already been initialized
2018-11-13 18:40:37,734 [LocalJobRunner Map Task Executor #0] INFO  org.apache.pig.backend.hadoop.executionengine.mapReduceLayer.PigGenericMapReduce$Map - Aliases being processed per job phase (AliasName[line,offset]): M: add[7,6],group1[6,9] C: add[7,6],group1[6,9] R: add[7,6]
2018-11-13 18:40:37,745 [LocalJobRunner Map Task Executor #0] INFO  org.apache.hadoop.mapred.LocalJobRunner - 
2018-11-13 18:40:37,745 [LocalJobRunner Map Task Executor #0] INFO  org.apache.hadoop.mapred.MapTask - Starting flush of map output
2018-11-13 18:40:37,746 [LocalJobRunner Map Task Executor #0] INFO  org.apache.hadoop.mapred.MapTask - Spilling map output
2018-11-13 18:40:37,746 [LocalJobRunner Map Task Executor #0] INFO  org.apache.hadoop.mapred.MapTask - bufstart = 0; bufend = 638; bufvoid = 104857600
2018-11-13 18:40:37,746 [LocalJobRunner Map Task Executor #0] INFO  org.apache.hadoop.mapred.MapTask - kvstart = 26214396(104857584); kvend = 26214284(104857136); length = 113/6553600
2018-11-13 18:40:37,761 [LocalJobRunner Map Task Executor #0] INFO  org.apache.pig.backend.hadoop.executionengine.mapReduceLayer.PigCombiner$Combine - Aliases being processed per job phase (AliasName[line,offset]): M: add[7,6],group1[6,9] C: add[7,6],group1[6,9] R: add[7,6]
2018-11-13 18:40:37,781 [LocalJobRunner Map Task Executor #0] INFO  org.apache.hadoop.mapred.MapTask - Finished spill 0
2018-11-13 18:40:37,799 [LocalJobRunner Map Task Executor #0] INFO  org.apache.hadoop.mapred.Task - Task:attempt_local888166440_0002_m_000000_0 is done. And is in the process of committing
2018-11-13 18:40:37,802 [LocalJobRunner Map Task Executor #0] INFO  org.apache.hadoop.mapred.LocalJobRunner - map
2018-11-13 18:40:37,802 [LocalJobRunner Map Task Executor #0] INFO  org.apache.hadoop.mapred.Task - Task 'attempt_local888166440_0002_m_000000_0' done.
2018-11-13 18:40:37,802 [LocalJobRunner Map Task Executor #0] INFO  org.apache.hadoop.mapred.LocalJobRunner - Finishing task: attempt_local888166440_0002_m_000000_0
2018-11-13 18:40:37,802 [Thread-37] INFO  org.apache.hadoop.mapred.LocalJobRunner - map task executor complete.
2018-11-13 18:40:37,814 [Thread-37] INFO  org.apache.hadoop.mapred.LocalJobRunner - Waiting for reduce tasks
2018-11-13 18:40:37,822 [pool-6-thread-1] INFO  org.apache.hadoop.mapred.LocalJobRunner - Starting task: attempt_local888166440_0002_r_000000_0
2018-11-13 18:40:37,832 [pool-6-thread-1] INFO  org.apache.hadoop.mapred.Task -  Using ResourceCalculatorProcessTree : [ ]
2018-11-13 18:40:37,832 [pool-6-thread-1] INFO  org.apache.hadoop.mapred.ReduceTask - Using ShuffleConsumerPlugin: org.apache.hadoop.mapreduce.task.reduce.Shuffle@1883847f
2018-11-13 18:40:37,852 [pool-6-thread-1] INFO  org.apache.hadoop.mapreduce.task.reduce.MergeManagerImpl - MergerManager: memoryLimit=652528832, maxSingleShuffleLimit=163132208, mergeThreshold=430669056, ioSortFactor=10, memToMemMergeOutputsThreshold=10
2018-11-13 18:40:37,871 [EventFetcher for fetching Map Completion Events] INFO  org.apache.hadoop.mapreduce.task.reduce.EventFetcher - attempt_local888166440_0002_r_000000_0 Thread started: EventFetcher for fetching Map Completion Events
2018-11-13 18:40:37,876 [localfetcher#2] INFO  org.apache.hadoop.mapreduce.task.reduce.LocalFetcher - localfetcher#2 about to shuffle output of map attempt_local888166440_0002_m_000000_0 decomp: 290 len: 294 to MEMORY
2018-11-13 18:40:37,877 [localfetcher#2] INFO  org.apache.hadoop.mapreduce.task.reduce.InMemoryMapOutput - Read 290 bytes from map-output for attempt_local888166440_0002_m_000000_0
2018-11-13 18:40:37,877 [localfetcher#2] INFO  org.apache.hadoop.mapreduce.task.reduce.MergeManagerImpl - closeInMemoryFile -> map-output of size: 290, inMemoryMapOutputs.size() -> 1, commitMemory -> 0, usedMemory ->290
2018-11-13 18:40:37,877 [EventFetcher for fetching Map Completion Events] INFO  org.apache.hadoop.mapreduce.task.reduce.EventFetcher - EventFetcher is interrupted.. Returning
2018-11-13 18:40:37,878 [pool-6-thread-1] INFO  org.apache.hadoop.mapred.LocalJobRunner - 1 / 1 copied.
2018-11-13 18:40:37,878 [pool-6-thread-1] INFO  org.apache.hadoop.mapreduce.task.reduce.MergeManagerImpl - finalMerge called with 1 in-memory map-outputs and 0 on-disk map-outputs
2018-11-13 18:40:37,878 [pool-6-thread-1] INFO  org.apache.hadoop.mapred.Merger - Merging 1 sorted segments
2018-11-13 18:40:37,879 [pool-6-thread-1] INFO  org.apache.hadoop.mapred.Merger - Down to the last merge-pass, with 1 segments left of total size: 279 bytes
2018-11-13 18:40:37,880 [pool-6-thread-1] INFO  org.apache.hadoop.mapreduce.task.reduce.MergeManagerImpl - Merged 1 segments, 290 bytes to disk to satisfy reduce memory limit
2018-11-13 18:40:37,880 [pool-6-thread-1] INFO  org.apache.hadoop.mapreduce.task.reduce.MergeManagerImpl - Merging 1 files, 294 bytes from disk
2018-11-13 18:40:37,880 [pool-6-thread-1] INFO  org.apache.hadoop.mapreduce.task.reduce.MergeManagerImpl - Merging 0 segments, 0 bytes from memory into reduce
2018-11-13 18:40:37,880 [pool-6-thread-1] INFO  org.apache.hadoop.mapred.Merger - Merging 1 sorted segments
2018-11-13 18:40:37,880 [pool-6-thread-1] INFO  org.apache.hadoop.mapred.Merger - Down to the last merge-pass, with 1 segments left of total size: 279 bytes
2018-11-13 18:40:37,880 [pool-6-thread-1] INFO  org.apache.hadoop.mapred.LocalJobRunner - 1 / 1 copied.
2018-11-13 18:40:37,914 [pool-6-thread-1] INFO  org.apache.pig.impl.util.SpillableMemoryManager - Selected heap (PS Old Gen) of size 699400192 to monitor. collectionUsageThreshold = 489580128, usageThreshold = 489580128
2018-11-13 18:40:37,914 [pool-6-thread-1] WARN  org.apache.pig.data.SchemaTupleBackend - SchemaTupleBackend has already been initialized
2018-11-13 18:40:37,916 [pool-6-thread-1] INFO  org.apache.pig.backend.hadoop.executionengine.mapReduceLayer.PigMapReduce$Reduce - Aliases being processed per job phase (AliasName[line,offset]): M: add[7,6],group1[6,9] C: add[7,6],group1[6,9] R: add[7,6]
2018-11-13 18:40:37,925 [pool-6-thread-1] INFO  org.apache.hadoop.mapred.Task - Task:attempt_local888166440_0002_r_000000_0 is done. And is in the process of committing
2018-11-13 18:40:37,927 [pool-6-thread-1] INFO  org.apache.hadoop.mapred.LocalJobRunner - 1 / 1 copied.
2018-11-13 18:40:37,927 [pool-6-thread-1] INFO  org.apache.hadoop.mapred.Task - Task attempt_local888166440_0002_r_000000_0 is allowed to commit now
2018-11-13 18:40:37,930 [pool-6-thread-1] INFO  org.apache.hadoop.mapreduce.lib.output.FileOutputCommitter - Saved output of task 'attempt_local888166440_0002_r_000000_0' to file:/home/hxs1136/project6/output/_temporary/0/task_local888166440_0002_r_000000
2018-11-13 18:40:37,930 [pool-6-thread-1] INFO  org.apache.hadoop.mapred.LocalJobRunner - reduce > reduce
2018-11-13 18:40:37,930 [pool-6-thread-1] INFO  org.apache.hadoop.mapred.Task - Task 'attempt_local888166440_0002_r_000000_0' done.
2018-11-13 18:40:37,930 [pool-6-thread-1] INFO  org.apache.hadoop.mapred.LocalJobRunner - Finishing task: attempt_local888166440_0002_r_000000_0
2018-11-13 18:40:37,931 [Thread-37] INFO  org.apache.hadoop.mapred.LocalJobRunner - reduce task executor complete.
2018-11-13 18:40:38,081 [main] INFO  org.apache.hadoop.metrics.jvm.JvmMetrics - Cannot initialize JVM Metrics with processName=JobTracker, sessionId= - already initialized
2018-11-13 18:40:38,086 [main] INFO  org.apache.hadoop.metrics.jvm.JvmMetrics - Cannot initialize JVM Metrics with processName=JobTracker, sessionId= - already initialized
2018-11-13 18:40:38,092 [main] INFO  org.apache.hadoop.metrics.jvm.JvmMetrics - Cannot initialize JVM Metrics with processName=JobTracker, sessionId= - already initialized
2018-11-13 18:40:38,122 [main] INFO  org.apache.pig.backend.hadoop.executionengine.mapReduceLayer.MapReduceLauncher - 100% complete
2018-11-13 18:40:38,124 [main] INFO  org.apache.pig.tools.pigstats.mapreduce.SimplePigStats - Script Statistics: 

HadoopVersion	PigVersion	UserId	StartedAt	FinishedAt	Features
2.6.0	0.16.0	hxs1136	2018-11-13 18:40:32	2018-11-13 18:40:38	HASH_JOIN,GROUP_BY

Success!

Job Stats (time in seconds):
JobId	Maps	Reduces	MaxMapTime	MinMapTime	AvgMapTime	MedianMapTime	MaxReduceTime	MinReduceTime	AvgReduceTime	MedianReducetime	Alias	Feature	Outputs
job_local1964714521_0001	2	1	n/a	n/a	n/a	n/a	n/a	n/a	n/a	n/a	M,N,join1,multiply1	HASH_JOIN	
job_local888166440_0002	1	1	n/a	n/a	n/a	n/a	n/a	n/a	n/a	n/a	add,group1	GROUP_BY,COMBINER	file:///home/hxs1136/project6/output,

Input(s):
Successfully read 11 records from: "file:///home/hxs1136/project6/M-matrix-small.txt"
Successfully read 8 records from: "file:///home/hxs1136/project6/N-matrix-small.txt"

Output(s):
Successfully stored 12 records in: "file:///home/hxs1136/project6/output"

Counters:
Total records written : 12
Total bytes written : 0
Spillable Memory Manager spill count : 0
Total bags proactively spilled: 0
Total records proactively spilled: 0

Job DAG:
job_local1964714521_0001	->	job_local888166440_0002,
job_local888166440_0002


2018-11-13 18:40:38,125 [main] INFO  org.apache.hadoop.metrics.jvm.JvmMetrics - Cannot initialize JVM Metrics with processName=JobTracker, sessionId= - already initialized
2018-11-13 18:40:38,141 [main] INFO  org.apache.hadoop.metrics.jvm.JvmMetrics - Cannot initialize JVM Metrics with processName=JobTracker, sessionId= - already initialized
2018-11-13 18:40:38,147 [main] INFO  org.apache.hadoop.metrics.jvm.JvmMetrics - Cannot initialize JVM Metrics with processName=JobTracker, sessionId= - already initialized
2018-11-13 18:40:38,170 [main] INFO  org.apache.hadoop.metrics.jvm.JvmMetrics - Cannot initialize JVM Metrics with processName=JobTracker, sessionId= - already initialized
2018-11-13 18:40:38,179 [main] INFO  org.apache.hadoop.metrics.jvm.JvmMetrics - Cannot initialize JVM Metrics with processName=JobTracker, sessionId= - already initialized
2018-11-13 18:40:38,182 [main] INFO  org.apache.hadoop.metrics.jvm.JvmMetrics - Cannot initialize JVM Metrics with processName=JobTracker, sessionId= - already initialized
2018-11-13 18:40:38,214 [main] INFO  org.apache.pig.backend.hadoop.executionengine.mapReduceLayer.MapReduceLauncher - Success!
2018-11-13 18:40:38,234 [main] INFO  org.apache.hadoop.conf.Configuration.deprecation - fs.default.name is deprecated. Instead, use fs.defaultFS
2018-11-13 18:40:38,278 [main] WARN  org.apache.pig.newplan.BaseOperatorPlan - Encountered Warning IMPLICIT_CAST_TO_DOUBLE 2 time(s).
2018-11-13 18:40:38,293 [main] INFO  org.apache.pig.tools.pigstats.ScriptState - Pig features used in the script: HASH_JOIN,GROUP_BY
2018-11-13 18:40:38,337 [main] INFO  org.apache.hadoop.conf.Configuration.deprecation - fs.default.name is deprecated. Instead, use fs.defaultFS
2018-11-13 18:40:38,337 [main] INFO  org.apache.pig.data.SchemaTupleBackend - Key [pig.schematuple] was not set... will not generate code.
2018-11-13 18:40:38,337 [main] INFO  org.apache.pig.newplan.logical.optimizer.LogicalPlanOptimizer - {RULES_ENABLED=[AddForEach, ColumnMapKeyPrune, ConstantCalculator, GroupByConstParallelSetter, LimitOptimizer, LoadTypeCastInserter, MergeFilter, MergeForEach, PartitionFilterOptimizer, PredicatePushdownOptimizer, PushDownForEachFlatten, PushUpFilter, SplitFilter, StreamTypeCastInserter]}
2018-11-13 18:40:38,368 [main] INFO  org.apache.pig.backend.hadoop.executionengine.mapReduceLayer.MRCompiler - File concatenation threshold: 100 optimistic? false
2018-11-13 18:40:38,395 [main] INFO  org.apache.pig.backend.hadoop.executionengine.util.CombinerOptimizerUtil - Choosing to move algebraic foreach to combiner
2018-11-13 18:40:38,409 [main] INFO  org.apache.pig.backend.hadoop.executionengine.mapReduceLayer.MRCompiler$LastInputStreamingOptimizer - Rewrite: POPackage->POForEach to POPackage(JoinPackager)
2018-11-13 18:40:38,424 [main] INFO  org.apache.pig.backend.hadoop.executionengine.mapReduceLayer.MultiQueryOptimizer - MR plan size before optimization: 2
2018-11-13 18:40:38,424 [main] INFO  org.apache.pig.backend.hadoop.executionengine.mapReduceLayer.MultiQueryOptimizer - MR plan size after optimization: 2
2018-11-13 18:40:38,448 [main] INFO  org.apache.hadoop.conf.Configuration.deprecation - fs.default.name is deprecated. Instead, use fs.defaultFS
2018-11-13 18:40:38,449 [main] INFO  org.apache.hadoop.metrics.jvm.JvmMetrics - Cannot initialize JVM Metrics with processName=JobTracker, sessionId= - already initialized
2018-11-13 18:40:38,453 [main] INFO  org.apache.pig.tools.pigstats.mapreduce.MRScriptState - Pig script settings are added to the job
2018-11-13 18:40:38,453 [main] INFO  org.apache.pig.backend.hadoop.executionengine.mapReduceLayer.JobControlCompiler - mapred.job.reduce.markreset.buffer.percent is not set, set to default 0.3
2018-11-13 18:40:38,453 [main] INFO  org.apache.pig.backend.hadoop.executionengine.mapReduceLayer.JobControlCompiler - Reduce phase detected, estimating # of required reducers.
2018-11-13 18:40:38,453 [main] INFO  org.apache.pig.backend.hadoop.executionengine.mapReduceLayer.JobControlCompiler - Using reducer estimator: org.apache.pig.backend.hadoop.executionengine.mapReduceLayer.InputSizeReducerEstimator
2018-11-13 18:40:38,466 [main] INFO  org.apache.pig.backend.hadoop.executionengine.mapReduceLayer.InputSizeReducerEstimator - BytesPerReducer=1000000000 maxReducers=999 totalInputFileSize=159
2018-11-13 18:40:38,466 [main] INFO  org.apache.pig.backend.hadoop.executionengine.mapReduceLayer.JobControlCompiler - Setting Parallelism to 1
2018-11-13 18:40:38,468 [main] INFO  org.apache.pig.backend.hadoop.executionengine.mapReduceLayer.JobControlCompiler - Setting up single store job
2018-11-13 18:40:38,469 [main] INFO  org.apache.pig.data.SchemaTupleFrontend - Key [pig.schematuple] is false, will not generate code.
2018-11-13 18:40:38,469 [main] INFO  org.apache.pig.data.SchemaTupleFrontend - Starting process to move generated code to distributed cacche
2018-11-13 18:40:38,469 [main] INFO  org.apache.pig.data.SchemaTupleFrontend - Distributed cache not supported or needed in local mode. Setting key [pig.schematuple.local.dir] with code temp directory: /tmp/1542163238469-0
2018-11-13 18:40:38,545 [main] INFO  org.apache.pig.backend.hadoop.executionengine.mapReduceLayer.MapReduceLauncher - 1 map-reduce job(s) waiting for submission.
2018-11-13 18:40:38,554 [JobControl] INFO  org.apache.hadoop.metrics.jvm.JvmMetrics - Cannot initialize JVM Metrics with processName=JobTracker, sessionId= - already initialized
2018-11-13 18:40:38,618 [JobControl] WARN  org.apache.hadoop.mapreduce.JobSubmitter - No job jar file set.  User classes may not be found. See Job or Job#setJar(String).
2018-11-13 18:40:38,620 [JobControl] INFO  org.apache.pig.builtin.PigStorage - Using PigTextInputFormat
2018-11-13 18:40:38,620 [JobControl] INFO  org.apache.hadoop.mapreduce.lib.input.FileInputFormat - Total input paths to process : 1
2018-11-13 18:40:38,620 [JobControl] INFO  org.apache.pig.backend.hadoop.executionengine.util.MapRedUtil - Total input paths to process : 1
2018-11-13 18:40:38,620 [JobControl] INFO  org.apache.pig.backend.hadoop.executionengine.util.MapRedUtil - Total input paths (combined) to process : 1
2018-11-13 18:40:38,621 [JobControl] INFO  org.apache.pig.builtin.PigStorage - Using PigTextInputFormat
2018-11-13 18:40:38,621 [JobControl] INFO  org.apache.hadoop.mapreduce.lib.input.FileInputFormat - Total input paths to process : 1
2018-11-13 18:40:38,621 [JobControl] INFO  org.apache.pig.backend.hadoop.executionengine.util.MapRedUtil - Total input paths to process : 1
2018-11-13 18:40:38,621 [JobControl] INFO  org.apache.pig.backend.hadoop.executionengine.util.MapRedUtil - Total input paths (combined) to process : 1
2018-11-13 18:40:38,694 [JobControl] INFO  org.apache.hadoop.mapreduce.JobSubmitter - number of splits:2
2018-11-13 18:40:38,765 [JobControl] INFO  org.apache.hadoop.mapreduce.JobSubmitter - Submitting tokens for job: job_local18979725_0003
2018-11-13 18:40:38,836 [JobControl] WARN  org.apache.hadoop.conf.Configuration - file:/tmp/hadoop-hxs1136/mapred/staging/hxs113618979725/.staging/job_local18979725_0003/job.xml:an attempt to override final parameter: yarn.resourcemanager.hostname;  Ignoring.
2018-11-13 18:40:39,036 [JobControl] INFO  org.apache.hadoop.mapreduce.Job - The url to track the job: http://localhost:8080/
2018-11-13 18:40:39,036 [Thread-55] INFO  org.apache.hadoop.mapred.LocalJobRunner - OutputCommitter set in config null
2018-11-13 18:40:39,047 [main] INFO  org.apache.pig.backend.hadoop.executionengine.mapReduceLayer.MapReduceLauncher - HadoopJobId: job_local18979725_0003
2018-11-13 18:40:39,047 [main] INFO  org.apache.pig.backend.hadoop.executionengine.mapReduceLayer.MapReduceLauncher - Processing aliases M,N,join1,multiply1
2018-11-13 18:40:39,047 [main] INFO  org.apache.pig.backend.hadoop.executionengine.mapReduceLayer.MapReduceLauncher - detailed locations: M: M[1,4],M[-1,-1],join1[4,8],N[2,4],N[-1,-1],join1[4,8] C:  R: multiply1[5,12]
2018-11-13 18:40:39,048 [main] INFO  org.apache.pig.backend.hadoop.executionengine.mapReduceLayer.MapReduceLauncher - 0% complete
2018-11-13 18:40:39,048 [main] INFO  org.apache.pig.backend.hadoop.executionengine.mapReduceLayer.MapReduceLauncher - Running jobs are [job_local18979725_0003]
2018-11-13 18:40:39,050 [Thread-55] INFO  org.apache.hadoop.conf.Configuration.deprecation - mapred.job.tracker is deprecated. Instead, use mapreduce.jobtracker.address
2018-11-13 18:40:39,050 [Thread-55] INFO  org.apache.hadoop.conf.Configuration.deprecation - mapred.job.reduce.markreset.buffer.percent is deprecated. Instead, use mapreduce.reduce.markreset.buffer.percent
2018-11-13 18:40:39,051 [Thread-55] INFO  org.apache.hadoop.conf.Configuration.deprecation - mapred.reduce.tasks is deprecated. Instead, use mapreduce.job.reduces
2018-11-13 18:40:39,051 [Thread-55] INFO  org.apache.hadoop.conf.Configuration.deprecation - fs.default.name is deprecated. Instead, use fs.defaultFS
2018-11-13 18:40:39,051 [Thread-55] INFO  org.apache.hadoop.mapred.LocalJobRunner - OutputCommitter is org.apache.pig.backend.hadoop.executionengine.mapReduceLayer.PigOutputCommitter
2018-11-13 18:40:39,075 [Thread-55] INFO  org.apache.hadoop.mapred.LocalJobRunner - Waiting for map tasks
2018-11-13 18:40:39,075 [LocalJobRunner Map Task Executor #0] INFO  org.apache.hadoop.mapred.LocalJobRunner - Starting task: attempt_local18979725_0003_m_000000_0
2018-11-13 18:40:39,089 [LocalJobRunner Map Task Executor #0] INFO  org.apache.hadoop.mapred.Task -  Using ResourceCalculatorProcessTree : [ ]
2018-11-13 18:40:39,090 [LocalJobRunner Map Task Executor #0] INFO  org.apache.hadoop.mapred.MapTask - Processing split: Number of splits :1
Total Length = 92
Input split[0]:
   Length = 92
   ClassName: org.apache.hadoop.mapreduce.lib.input.FileSplit
   Locations:

-----------------------

2018-11-13 18:40:39,103 [LocalJobRunner Map Task Executor #0] INFO  org.apache.pig.builtin.PigStorage - Using PigTextInputFormat
2018-11-13 18:40:39,103 [LocalJobRunner Map Task Executor #0] INFO  org.apache.pig.backend.hadoop.executionengine.mapReduceLayer.PigRecordReader - Current split being processed file:/home/hxs1136/project6/M-matrix-small.txt:0+92
2018-11-13 18:40:39,254 [LocalJobRunner Map Task Executor #0] INFO  org.apache.hadoop.mapred.MapTask - (EQUATOR) 0 kvi 26214396(104857584)
2018-11-13 18:40:39,254 [LocalJobRunner Map Task Executor #0] INFO  org.apache.hadoop.mapred.MapTask - mapreduce.task.io.sort.mb: 100
2018-11-13 18:40:39,254 [LocalJobRunner Map Task Executor #0] INFO  org.apache.hadoop.mapred.MapTask - soft limit at 83886080
2018-11-13 18:40:39,254 [LocalJobRunner Map Task Executor #0] INFO  org.apache.hadoop.mapred.MapTask - bufstart = 0; bufvoid = 104857600
2018-11-13 18:40:39,254 [LocalJobRunner Map Task Executor #0] INFO  org.apache.hadoop.mapred.MapTask - kvstart = 26214396; length = 6553600
2018-11-13 18:40:39,268 [LocalJobRunner Map Task Executor #0] INFO  org.apache.hadoop.mapred.MapTask - Map output collector class = org.apache.hadoop.mapred.MapTask$MapOutputBuffer
2018-11-13 18:40:39,277 [LocalJobRunner Map Task Executor #0] INFO  org.apache.pig.impl.util.SpillableMemoryManager - Selected heap (PS Old Gen) of size 699400192 to monitor. collectionUsageThreshold = 489580128, usageThreshold = 489580128
2018-11-13 18:40:39,277 [LocalJobRunner Map Task Executor #0] INFO  org.apache.pig.data.SchemaTupleBackend - Key [pig.schematuple] was not set... will not generate code.
2018-11-13 18:40:39,279 [LocalJobRunner Map Task Executor #0] INFO  org.apache.pig.backend.hadoop.executionengine.mapReduceLayer.PigGenericMapReduce$Map - Aliases being processed per job phase (AliasName[line,offset]): M: M[1,4],M[-1,-1],join1[4,8],N[2,4],N[-1,-1],join1[4,8] C:  R: multiply1[5,12]
2018-11-13 18:40:39,285 [LocalJobRunner Map Task Executor #0] INFO  org.apache.hadoop.mapred.LocalJobRunner - 
2018-11-13 18:40:39,285 [LocalJobRunner Map Task Executor #0] INFO  org.apache.hadoop.mapred.MapTask - Starting flush of map output
2018-11-13 18:40:39,285 [LocalJobRunner Map Task Executor #0] INFO  org.apache.hadoop.mapred.MapTask - Spilling map output
2018-11-13 18:40:39,285 [LocalJobRunner Map Task Executor #0] INFO  org.apache.hadoop.mapred.MapTask - bufstart = 0; bufend = 191; bufvoid = 104857600
2018-11-13 18:40:39,285 [LocalJobRunner Map Task Executor #0] INFO  org.apache.hadoop.mapred.MapTask - kvstart = 26214396(104857584); kvend = 26214356(104857424); length = 41/6553600
2018-11-13 18:40:39,288 [LocalJobRunner Map Task Executor #0] INFO  org.apache.hadoop.mapred.MapTask - Finished spill 0
2018-11-13 18:40:39,289 [LocalJobRunner Map Task Executor #0] INFO  org.apache.hadoop.mapred.Task - Task:attempt_local18979725_0003_m_000000_0 is done. And is in the process of committing
2018-11-13 18:40:39,290 [LocalJobRunner Map Task Executor #0] INFO  org.apache.hadoop.mapred.LocalJobRunner - map
2018-11-13 18:40:39,290 [LocalJobRunner Map Task Executor #0] INFO  org.apache.hadoop.mapred.Task - Task 'attempt_local18979725_0003_m_000000_0' done.
2018-11-13 18:40:39,290 [LocalJobRunner Map Task Executor #0] INFO  org.apache.hadoop.mapred.LocalJobRunner - Finishing task: attempt_local18979725_0003_m_000000_0
2018-11-13 18:40:39,290 [LocalJobRunner Map Task Executor #0] INFO  org.apache.hadoop.mapred.LocalJobRunner - Starting task: attempt_local18979725_0003_m_000001_0
2018-11-13 18:40:39,307 [LocalJobRunner Map Task Executor #0] INFO  org.apache.hadoop.mapred.Task -  Using ResourceCalculatorProcessTree : [ ]
2018-11-13 18:40:39,316 [LocalJobRunner Map Task Executor #0] INFO  org.apache.hadoop.mapred.MapTask - Processing split: Number of splits :1
Total Length = 67
Input split[0]:
   Length = 67
   ClassName: org.apache.hadoop.mapreduce.lib.input.FileSplit
   Locations:

-----------------------

2018-11-13 18:40:39,317 [LocalJobRunner Map Task Executor #0] INFO  org.apache.pig.builtin.PigStorage - Using PigTextInputFormat
2018-11-13 18:40:39,317 [LocalJobRunner Map Task Executor #0] INFO  org.apache.pig.backend.hadoop.executionengine.mapReduceLayer.PigRecordReader - Current split being processed file:/home/hxs1136/project6/N-matrix-small.txt:0+67
2018-11-13 18:40:39,357 [LocalJobRunner Map Task Executor #0] INFO  org.apache.hadoop.mapred.MapTask - (EQUATOR) 0 kvi 26214396(104857584)
2018-11-13 18:40:39,357 [LocalJobRunner Map Task Executor #0] INFO  org.apache.hadoop.mapred.MapTask - mapreduce.task.io.sort.mb: 100
2018-11-13 18:40:39,357 [LocalJobRunner Map Task Executor #0] INFO  org.apache.hadoop.mapred.MapTask - soft limit at 83886080
2018-11-13 18:40:39,357 [LocalJobRunner Map Task Executor #0] INFO  org.apache.hadoop.mapred.MapTask - bufstart = 0; bufvoid = 104857600
2018-11-13 18:40:39,357 [LocalJobRunner Map Task Executor #0] INFO  org.apache.hadoop.mapred.MapTask - kvstart = 26214396; length = 6553600
2018-11-13 18:40:39,359 [LocalJobRunner Map Task Executor #0] INFO  org.apache.hadoop.mapred.MapTask - Map output collector class = org.apache.hadoop.mapred.MapTask$MapOutputBuffer
2018-11-13 18:40:39,362 [LocalJobRunner Map Task Executor #0] INFO  org.apache.pig.impl.util.SpillableMemoryManager - Selected heap (PS Old Gen) of size 699400192 to monitor. collectionUsageThreshold = 489580128, usageThreshold = 489580128
2018-11-13 18:40:39,362 [LocalJobRunner Map Task Executor #0] WARN  org.apache.pig.data.SchemaTupleBackend - SchemaTupleBackend has already been initialized
2018-11-13 18:40:39,363 [LocalJobRunner Map Task Executor #0] INFO  org.apache.pig.backend.hadoop.executionengine.mapReduceLayer.PigGenericMapReduce$Map - Aliases being processed per job phase (AliasName[line,offset]): M: M[1,4],M[-1,-1],join1[4,8],N[2,4],N[-1,-1],join1[4,8] C:  R: multiply1[5,12]
2018-11-13 18:40:39,369 [LocalJobRunner Map Task Executor #0] INFO  org.apache.hadoop.mapred.LocalJobRunner - 
2018-11-13 18:40:39,369 [LocalJobRunner Map Task Executor #0] INFO  org.apache.hadoop.mapred.MapTask - Starting flush of map output
2018-11-13 18:40:39,369 [LocalJobRunner Map Task Executor #0] INFO  org.apache.hadoop.mapred.MapTask - Spilling map output
2018-11-13 18:40:39,369 [LocalJobRunner Map Task Executor #0] INFO  org.apache.hadoop.mapred.MapTask - bufstart = 0; bufend = 139; bufvoid = 104857600
2018-11-13 18:40:39,369 [LocalJobRunner Map Task Executor #0] INFO  org.apache.hadoop.mapred.MapTask - kvstart = 26214396(104857584); kvend = 26214368(104857472); length = 29/6553600
2018-11-13 18:40:39,370 [LocalJobRunner Map Task Executor #0] INFO  org.apache.hadoop.mapred.MapTask - Finished spill 0
2018-11-13 18:40:39,370 [LocalJobRunner Map Task Executor #0] INFO  org.apache.hadoop.mapred.Task - Task:attempt_local18979725_0003_m_000001_0 is done. And is in the process of committing
2018-11-13 18:40:39,372 [LocalJobRunner Map Task Executor #0] INFO  org.apache.hadoop.mapred.LocalJobRunner - map
2018-11-13 18:40:39,372 [LocalJobRunner Map Task Executor #0] INFO  org.apache.hadoop.mapred.Task - Task 'attempt_local18979725_0003_m_000001_0' done.
2018-11-13 18:40:39,372 [LocalJobRunner Map Task Executor #0] INFO  org.apache.hadoop.mapred.LocalJobRunner - Finishing task: attempt_local18979725_0003_m_000001_0
2018-11-13 18:40:39,375 [Thread-55] INFO  org.apache.hadoop.mapred.LocalJobRunner - map task executor complete.
2018-11-13 18:40:39,375 [Thread-55] INFO  org.apache.hadoop.mapred.LocalJobRunner - Waiting for reduce tasks
2018-11-13 18:40:39,381 [pool-9-thread-1] INFO  org.apache.hadoop.mapred.LocalJobRunner - Starting task: attempt_local18979725_0003_r_000000_0
2018-11-13 18:40:39,386 [pool-9-thread-1] INFO  org.apache.hadoop.mapred.Task -  Using ResourceCalculatorProcessTree : [ ]
2018-11-13 18:40:39,386 [pool-9-thread-1] INFO  org.apache.hadoop.mapred.ReduceTask - Using ShuffleConsumerPlugin: org.apache.hadoop.mapreduce.task.reduce.Shuffle@20f7b20e
2018-11-13 18:40:39,395 [pool-9-thread-1] INFO  org.apache.hadoop.mapreduce.task.reduce.MergeManagerImpl - MergerManager: memoryLimit=652528832, maxSingleShuffleLimit=163132208, mergeThreshold=430669056, ioSortFactor=10, memToMemMergeOutputsThreshold=10
2018-11-13 18:40:39,396 [EventFetcher for fetching Map Completion Events] INFO  org.apache.hadoop.mapreduce.task.reduce.EventFetcher - attempt_local18979725_0003_r_000000_0 Thread started: EventFetcher for fetching Map Completion Events
2018-11-13 18:40:39,398 [localfetcher#3] INFO  org.apache.hadoop.mapreduce.task.reduce.LocalFetcher - localfetcher#3 about to shuffle output of map attempt_local18979725_0003_m_000001_0 decomp: 157 len: 161 to MEMORY
2018-11-13 18:40:39,398 [localfetcher#3] INFO  org.apache.hadoop.mapreduce.task.reduce.InMemoryMapOutput - Read 157 bytes from map-output for attempt_local18979725_0003_m_000001_0
2018-11-13 18:40:39,398 [localfetcher#3] INFO  org.apache.hadoop.mapreduce.task.reduce.MergeManagerImpl - closeInMemoryFile -> map-output of size: 157, inMemoryMapOutputs.size() -> 1, commitMemory -> 0, usedMemory ->157
2018-11-13 18:40:39,400 [localfetcher#3] INFO  org.apache.hadoop.mapreduce.task.reduce.LocalFetcher - localfetcher#3 about to shuffle output of map attempt_local18979725_0003_m_000000_0 decomp: 215 len: 219 to MEMORY
2018-11-13 18:40:39,400 [localfetcher#3] INFO  org.apache.hadoop.mapreduce.task.reduce.InMemoryMapOutput - Read 215 bytes from map-output for attempt_local18979725_0003_m_000000_0
2018-11-13 18:40:39,400 [localfetcher#3] INFO  org.apache.hadoop.mapreduce.task.reduce.MergeManagerImpl - closeInMemoryFile -> map-output of size: 215, inMemoryMapOutputs.size() -> 2, commitMemory -> 157, usedMemory ->372
2018-11-13 18:40:39,400 [EventFetcher for fetching Map Completion Events] INFO  org.apache.hadoop.mapreduce.task.reduce.EventFetcher - EventFetcher is interrupted.. Returning
2018-11-13 18:40:39,401 [pool-9-thread-1] INFO  org.apache.hadoop.mapred.LocalJobRunner - 2 / 2 copied.
2018-11-13 18:40:39,401 [pool-9-thread-1] INFO  org.apache.hadoop.mapreduce.task.reduce.MergeManagerImpl - finalMerge called with 2 in-memory map-outputs and 0 on-disk map-outputs
2018-11-13 18:40:39,401 [pool-9-thread-1] INFO  org.apache.hadoop.mapred.Merger - Merging 2 sorted segments
2018-11-13 18:40:39,401 [pool-9-thread-1] INFO  org.apache.hadoop.mapred.Merger - Down to the last merge-pass, with 2 segments left of total size: 356 bytes
2018-11-13 18:40:39,405 [pool-9-thread-1] INFO  org.apache.hadoop.mapreduce.task.reduce.MergeManagerImpl - Merged 2 segments, 372 bytes to disk to satisfy reduce memory limit
2018-11-13 18:40:39,405 [pool-9-thread-1] INFO  org.apache.hadoop.mapreduce.task.reduce.MergeManagerImpl - Merging 1 files, 374 bytes from disk
2018-11-13 18:40:39,405 [pool-9-thread-1] INFO  org.apache.hadoop.mapreduce.task.reduce.MergeManagerImpl - Merging 0 segments, 0 bytes from memory into reduce
2018-11-13 18:40:39,405 [pool-9-thread-1] INFO  org.apache.hadoop.mapred.Merger - Merging 1 sorted segments
2018-11-13 18:40:39,405 [pool-9-thread-1] INFO  org.apache.hadoop.mapred.Merger - Down to the last merge-pass, with 1 segments left of total size: 362 bytes
2018-11-13 18:40:39,405 [pool-9-thread-1] INFO  org.apache.hadoop.mapred.LocalJobRunner - 2 / 2 copied.
2018-11-13 18:40:39,413 [pool-9-thread-1] INFO  org.apache.pig.impl.util.SpillableMemoryManager - Selected heap (PS Old Gen) of size 699400192 to monitor. collectionUsageThreshold = 489580128, usageThreshold = 489580128
2018-11-13 18:40:39,414 [pool-9-thread-1] WARN  org.apache.pig.data.SchemaTupleBackend - SchemaTupleBackend has already been initialized
2018-11-13 18:40:39,417 [pool-9-thread-1] INFO  org.apache.pig.backend.hadoop.executionengine.mapReduceLayer.PigMapReduce$Reduce - Aliases being processed per job phase (AliasName[line,offset]): M: M[1,4],M[-1,-1],join1[4,8],N[2,4],N[-1,-1],join1[4,8] C:  R: multiply1[5,12]
2018-11-13 18:40:39,431 [pool-9-thread-1] INFO  org.apache.hadoop.mapred.Task - Task:attempt_local18979725_0003_r_000000_0 is done. And is in the process of committing
2018-11-13 18:40:39,437 [pool-9-thread-1] INFO  org.apache.hadoop.mapred.LocalJobRunner - 2 / 2 copied.
2018-11-13 18:40:39,437 [pool-9-thread-1] INFO  org.apache.hadoop.mapred.Task - Task attempt_local18979725_0003_r_000000_0 is allowed to commit now
2018-11-13 18:40:39,438 [pool-9-thread-1] INFO  org.apache.hadoop.mapreduce.lib.output.FileOutputCommitter - Saved output of task 'attempt_local18979725_0003_r_000000_0' to file:/tmp/temp-71288734/tmp-840030865/_temporary/0/task_local18979725_0003_r_000000
2018-11-13 18:40:39,448 [pool-9-thread-1] INFO  org.apache.hadoop.mapred.LocalJobRunner - reduce > reduce
2018-11-13 18:40:39,448 [pool-9-thread-1] INFO  org.apache.hadoop.mapred.Task - Task 'attempt_local18979725_0003_r_000000_0' done.
2018-11-13 18:40:39,448 [pool-9-thread-1] INFO  org.apache.hadoop.mapred.LocalJobRunner - Finishing task: attempt_local18979725_0003_r_000000_0
2018-11-13 18:40:39,449 [Thread-55] INFO  org.apache.hadoop.mapred.LocalJobRunner - reduce task executor complete.
2018-11-13 18:40:39,548 [main] INFO  org.apache.pig.backend.hadoop.executionengine.mapReduceLayer.MapReduceLauncher - 50% complete
2018-11-13 18:40:39,549 [main] INFO  org.apache.hadoop.metrics.jvm.JvmMetrics - Cannot initialize JVM Metrics with processName=JobTracker, sessionId= - already initialized
2018-11-13 18:40:39,553 [main] INFO  org.apache.hadoop.metrics.jvm.JvmMetrics - Cannot initialize JVM Metrics with processName=JobTracker, sessionId= - already initialized
2018-11-13 18:40:39,559 [main] INFO  org.apache.hadoop.metrics.jvm.JvmMetrics - Cannot initialize JVM Metrics with processName=JobTracker, sessionId= - already initialized
2018-11-13 18:40:39,567 [main] INFO  org.apache.pig.tools.pigstats.mapreduce.MRScriptState - Pig script settings are added to the job
2018-11-13 18:40:39,569 [main] INFO  org.apache.pig.backend.hadoop.executionengine.mapReduceLayer.JobControlCompiler - mapred.job.reduce.markreset.buffer.percent is not set, set to default 0.3
2018-11-13 18:40:39,570 [main] INFO  org.apache.pig.backend.hadoop.executionengine.mapReduceLayer.JobControlCompiler - Reduce phase detected, estimating # of required reducers.
2018-11-13 18:40:39,570 [main] INFO  org.apache.pig.backend.hadoop.executionengine.mapReduceLayer.JobControlCompiler - Using reducer estimator: org.apache.pig.backend.hadoop.executionengine.mapReduceLayer.InputSizeReducerEstimator
2018-11-13 18:40:39,571 [main] INFO  org.apache.pig.backend.hadoop.executionengine.mapReduceLayer.InputSizeReducerEstimator - BytesPerReducer=1000000000 maxReducers=999 totalInputFileSize=551
2018-11-13 18:40:39,571 [main] INFO  org.apache.pig.backend.hadoop.executionengine.mapReduceLayer.JobControlCompiler - Setting Parallelism to 1
2018-11-13 18:40:39,572 [main] INFO  org.apache.pig.backend.hadoop.executionengine.mapReduceLayer.JobControlCompiler - Setting up single store job
2018-11-13 18:40:39,589 [main] INFO  org.apache.pig.backend.hadoop.executionengine.mapReduceLayer.MapReduceLauncher - 1 map-reduce job(s) waiting for submission.
2018-11-13 18:40:39,590 [JobControl] INFO  org.apache.hadoop.metrics.jvm.JvmMetrics - Cannot initialize JVM Metrics with processName=JobTracker, sessionId= - already initialized
2018-11-13 18:40:39,595 [JobControl] INFO  org.apache.hadoop.conf.Configuration.deprecation - fs.default.name is deprecated. Instead, use fs.defaultFS
2018-11-13 18:40:39,619 [JobControl] WARN  org.apache.hadoop.mapreduce.JobSubmitter - No job jar file set.  User classes may not be found. See Job or Job#setJar(String).
2018-11-13 18:40:39,639 [JobControl] INFO  org.apache.hadoop.mapreduce.lib.input.FileInputFormat - Total input paths to process : 1
2018-11-13 18:40:39,639 [JobControl] INFO  org.apache.pig.backend.hadoop.executionengine.util.MapRedUtil - Total input paths to process : 1
2018-11-13 18:40:39,640 [JobControl] INFO  org.apache.pig.backend.hadoop.executionengine.util.MapRedUtil - Total input paths (combined) to process : 1
2018-11-13 18:40:39,649 [JobControl] INFO  org.apache.hadoop.mapreduce.JobSubmitter - number of splits:1
2018-11-13 18:40:39,660 [JobControl] INFO  org.apache.hadoop.mapreduce.JobSubmitter - Submitting tokens for job: job_local181194800_0004
2018-11-13 18:40:39,692 [JobControl] WARN  org.apache.hadoop.conf.Configuration - file:/tmp/hadoop-hxs1136/mapred/staging/hxs1136181194800/.staging/job_local181194800_0004/job.xml:an attempt to override final parameter: yarn.resourcemanager.hostname;  Ignoring.
2018-11-13 18:40:39,828 [JobControl] INFO  org.apache.hadoop.mapreduce.Job - The url to track the job: http://localhost:8080/
2018-11-13 18:40:39,829 [Thread-76] INFO  org.apache.hadoop.mapred.LocalJobRunner - OutputCommitter set in config null
2018-11-13 18:40:39,832 [Thread-76] INFO  org.apache.hadoop.conf.Configuration.deprecation - mapred.job.tracker is deprecated. Instead, use mapreduce.jobtracker.address
2018-11-13 18:40:39,832 [Thread-76] INFO  org.apache.hadoop.conf.Configuration.deprecation - mapred.job.reduce.markreset.buffer.percent is deprecated. Instead, use mapreduce.reduce.markreset.buffer.percent
2018-11-13 18:40:39,833 [Thread-76] INFO  org.apache.hadoop.conf.Configuration.deprecation - mapred.reduce.tasks is deprecated. Instead, use mapreduce.job.reduces
2018-11-13 18:40:39,833 [Thread-76] INFO  org.apache.hadoop.conf.Configuration.deprecation - fs.default.name is deprecated. Instead, use fs.defaultFS
2018-11-13 18:40:39,833 [Thread-76] INFO  org.apache.hadoop.mapred.LocalJobRunner - OutputCommitter is org.apache.pig.backend.hadoop.executionengine.mapReduceLayer.PigOutputCommitter
2018-11-13 18:40:39,835 [Thread-76] INFO  org.apache.hadoop.mapred.LocalJobRunner - Waiting for map tasks
2018-11-13 18:40:39,835 [LocalJobRunner Map Task Executor #0] INFO  org.apache.hadoop.mapred.LocalJobRunner - Starting task: attempt_local181194800_0004_m_000000_0
2018-11-13 18:40:39,840 [LocalJobRunner Map Task Executor #0] INFO  org.apache.hadoop.mapred.Task -  Using ResourceCalculatorProcessTree : [ ]
2018-11-13 18:40:39,841 [LocalJobRunner Map Task Executor #0] INFO  org.apache.hadoop.mapred.MapTask - Processing split: Number of splits :1
Total Length = 551
Input split[0]:
   Length = 551
   ClassName: org.apache.hadoop.mapreduce.lib.input.FileSplit
   Locations:

-----------------------

2018-11-13 18:40:39,842 [LocalJobRunner Map Task Executor #0] INFO  org.apache.pig.backend.hadoop.executionengine.mapReduceLayer.PigRecordReader - Current split being processed file:/tmp/temp-71288734/tmp-840030865/part-r-00000:0+551
2018-11-13 18:40:39,861 [LocalJobRunner Map Task Executor #0] INFO  org.apache.hadoop.mapred.MapTask - (EQUATOR) 0 kvi 26214396(104857584)
2018-11-13 18:40:39,861 [LocalJobRunner Map Task Executor #0] INFO  org.apache.hadoop.mapred.MapTask - mapreduce.task.io.sort.mb: 100
2018-11-13 18:40:39,861 [LocalJobRunner Map Task Executor #0] INFO  org.apache.hadoop.mapred.MapTask - soft limit at 83886080
2018-11-13 18:40:39,861 [LocalJobRunner Map Task Executor #0] INFO  org.apache.hadoop.mapred.MapTask - bufstart = 0; bufvoid = 104857600
2018-11-13 18:40:39,861 [LocalJobRunner Map Task Executor #0] INFO  org.apache.hadoop.mapred.MapTask - kvstart = 26214396; length = 6553600
2018-11-13 18:40:39,862 [LocalJobRunner Map Task Executor #0] INFO  org.apache.hadoop.mapred.MapTask - Map output collector class = org.apache.hadoop.mapred.MapTask$MapOutputBuffer
2018-11-13 18:40:39,863 [LocalJobRunner Map Task Executor #0] INFO  org.apache.pig.impl.util.SpillableMemoryManager - Selected heap (PS Old Gen) of size 699400192 to monitor. collectionUsageThreshold = 489580128, usageThreshold = 489580128
2018-11-13 18:40:39,863 [LocalJobRunner Map Task Executor #0] WARN  org.apache.pig.data.SchemaTupleBackend - SchemaTupleBackend has already been initialized
2018-11-13 18:40:39,865 [LocalJobRunner Map Task Executor #0] INFO  org.apache.pig.backend.hadoop.executionengine.mapReduceLayer.PigGenericMapReduce$Map - Aliases being processed per job phase (AliasName[line,offset]): M: add[7,6],group1[6,9] C: add[7,6],group1[6,9] R: add[7,6]
2018-11-13 18:40:39,872 [LocalJobRunner Map Task Executor #0] INFO  org.apache.hadoop.mapred.LocalJobRunner - 
2018-11-13 18:40:39,872 [LocalJobRunner Map Task Executor #0] INFO  org.apache.hadoop.mapred.MapTask - Starting flush of map output
2018-11-13 18:40:39,872 [LocalJobRunner Map Task Executor #0] INFO  org.apache.hadoop.mapred.MapTask - Spilling map output
2018-11-13 18:40:39,872 [LocalJobRunner Map Task Executor #0] INFO  org.apache.hadoop.mapred.MapTask - bufstart = 0; bufend = 638; bufvoid = 104857600
2018-11-13 18:40:39,872 [LocalJobRunner Map Task Executor #0] INFO  org.apache.hadoop.mapred.MapTask - kvstart = 26214396(104857584); kvend = 26214284(104857136); length = 113/6553600
2018-11-13 18:40:39,906 [LocalJobRunner Map Task Executor #0] INFO  org.apache.hadoop.mapred.MapTask - Finished spill 0
2018-11-13 18:40:39,907 [LocalJobRunner Map Task Executor #0] INFO  org.apache.hadoop.mapred.Task - Task:attempt_local181194800_0004_m_000000_0 is done. And is in the process of committing
2018-11-13 18:40:39,907 [LocalJobRunner Map Task Executor #0] INFO  org.apache.hadoop.mapred.LocalJobRunner - map
2018-11-13 18:40:39,908 [LocalJobRunner Map Task Executor #0] INFO  org.apache.hadoop.mapred.Task - Task 'attempt_local181194800_0004_m_000000_0' done.
2018-11-13 18:40:39,908 [LocalJobRunner Map Task Executor #0] INFO  org.apache.hadoop.mapred.LocalJobRunner - Finishing task: attempt_local181194800_0004_m_000000_0
2018-11-13 18:40:39,908 [Thread-76] INFO  org.apache.hadoop.mapred.LocalJobRunner - map task executor complete.
2018-11-13 18:40:39,917 [Thread-76] INFO  org.apache.hadoop.mapred.LocalJobRunner - Waiting for reduce tasks
2018-11-13 18:40:39,924 [pool-12-thread-1] INFO  org.apache.hadoop.mapred.LocalJobRunner - Starting task: attempt_local181194800_0004_r_000000_0
2018-11-13 18:40:39,929 [pool-12-thread-1] INFO  org.apache.hadoop.mapred.Task -  Using ResourceCalculatorProcessTree : [ ]
2018-11-13 18:40:39,929 [pool-12-thread-1] INFO  org.apache.hadoop.mapred.ReduceTask - Using ShuffleConsumerPlugin: org.apache.hadoop.mapreduce.task.reduce.Shuffle@3a66976c
2018-11-13 18:40:39,938 [pool-12-thread-1] INFO  org.apache.hadoop.mapreduce.task.reduce.MergeManagerImpl - MergerManager: memoryLimit=652528832, maxSingleShuffleLimit=163132208, mergeThreshold=430669056, ioSortFactor=10, memToMemMergeOutputsThreshold=10
2018-11-13 18:40:39,939 [EventFetcher for fetching Map Completion Events] INFO  org.apache.hadoop.mapreduce.task.reduce.EventFetcher - attempt_local181194800_0004_r_000000_0 Thread started: EventFetcher for fetching Map Completion Events
2018-11-13 18:40:39,939 [localfetcher#4] INFO  org.apache.hadoop.mapreduce.task.reduce.LocalFetcher - localfetcher#4 about to shuffle output of map attempt_local181194800_0004_m_000000_0 decomp: 290 len: 294 to MEMORY
2018-11-13 18:40:39,940 [localfetcher#4] INFO  org.apache.hadoop.mapreduce.task.reduce.InMemoryMapOutput - Read 290 bytes from map-output for attempt_local181194800_0004_m_000000_0
2018-11-13 18:40:39,940 [localfetcher#4] INFO  org.apache.hadoop.mapreduce.task.reduce.MergeManagerImpl - closeInMemoryFile -> map-output of size: 290, inMemoryMapOutputs.size() -> 1, commitMemory -> 0, usedMemory ->290
2018-11-13 18:40:39,940 [EventFetcher for fetching Map Completion Events] INFO  org.apache.hadoop.mapreduce.task.reduce.EventFetcher - EventFetcher is interrupted.. Returning
2018-11-13 18:40:39,940 [pool-12-thread-1] INFO  org.apache.hadoop.mapred.LocalJobRunner - 1 / 1 copied.
2018-11-13 18:40:39,940 [pool-12-thread-1] INFO  org.apache.hadoop.mapreduce.task.reduce.MergeManagerImpl - finalMerge called with 1 in-memory map-outputs and 0 on-disk map-outputs
2018-11-13 18:40:39,941 [pool-12-thread-1] INFO  org.apache.hadoop.mapred.Merger - Merging 1 sorted segments
2018-11-13 18:40:39,941 [pool-12-thread-1] INFO  org.apache.hadoop.mapred.Merger - Down to the last merge-pass, with 1 segments left of total size: 279 bytes
2018-11-13 18:40:39,942 [pool-12-thread-1] INFO  org.apache.hadoop.mapreduce.task.reduce.MergeManagerImpl - Merged 1 segments, 290 bytes to disk to satisfy reduce memory limit
2018-11-13 18:40:39,942 [pool-12-thread-1] INFO  org.apache.hadoop.mapreduce.task.reduce.MergeManagerImpl - Merging 1 files, 294 bytes from disk
2018-11-13 18:40:39,942 [pool-12-thread-1] INFO  org.apache.hadoop.mapreduce.task.reduce.MergeManagerImpl - Merging 0 segments, 0 bytes from memory into reduce
2018-11-13 18:40:39,942 [pool-12-thread-1] INFO  org.apache.hadoop.mapred.Merger - Merging 1 sorted segments
2018-11-13 18:40:39,942 [pool-12-thread-1] INFO  org.apache.hadoop.mapred.Merger - Down to the last merge-pass, with 1 segments left of total size: 279 bytes
2018-11-13 18:40:39,942 [pool-12-thread-1] INFO  org.apache.hadoop.mapred.LocalJobRunner - 1 / 1 copied.
2018-11-13 18:40:40,013 [pool-12-thread-1] INFO  org.apache.pig.impl.util.SpillableMemoryManager - Selected heap (PS Old Gen) of size 699400192 to monitor. collectionUsageThreshold = 489580128, usageThreshold = 489580128
2018-11-13 18:40:40,014 [pool-12-thread-1] WARN  org.apache.pig.data.SchemaTupleBackend - SchemaTupleBackend has already been initialized
2018-11-13 18:40:40,016 [pool-12-thread-1] INFO  org.apache.pig.backend.hadoop.executionengine.mapReduceLayer.PigMapReduce$Reduce - Aliases being processed per job phase (AliasName[line,offset]): M: add[7,6],group1[6,9] C: add[7,6],group1[6,9] R: add[7,6]
2018-11-13 18:40:40,017 [pool-12-thread-1] INFO  org.apache.hadoop.mapred.Task - Task:attempt_local181194800_0004_r_000000_0 is done. And is in the process of committing
2018-11-13 18:40:40,033 [pool-12-thread-1] INFO  org.apache.hadoop.mapred.LocalJobRunner - 1 / 1 copied.
2018-11-13 18:40:40,033 [pool-12-thread-1] INFO  org.apache.hadoop.mapred.Task - Task attempt_local181194800_0004_r_000000_0 is allowed to commit now
2018-11-13 18:40:40,034 [pool-12-thread-1] INFO  org.apache.hadoop.mapreduce.lib.output.FileOutputCommitter - Saved output of task 'attempt_local181194800_0004_r_000000_0' to file:/tmp/temp-71288734/tmp-1379730737/_temporary/0/task_local181194800_0004_r_000000
2018-11-13 18:40:40,038 [pool-12-thread-1] INFO  org.apache.hadoop.mapred.LocalJobRunner - reduce > reduce
2018-11-13 18:40:40,038 [pool-12-thread-1] INFO  org.apache.hadoop.mapred.Task - Task 'attempt_local181194800_0004_r_000000_0' done.
2018-11-13 18:40:40,038 [pool-12-thread-1] INFO  org.apache.hadoop.mapred.LocalJobRunner - Finishing task: attempt_local181194800_0004_r_000000_0
2018-11-13 18:40:40,038 [Thread-76] INFO  org.apache.hadoop.mapred.LocalJobRunner - reduce task executor complete.
2018-11-13 18:40:40,090 [main] INFO  org.apache.pig.backend.hadoop.executionengine.mapReduceLayer.MapReduceLauncher - HadoopJobId: job_local181194800_0004
2018-11-13 18:40:40,090 [main] INFO  org.apache.pig.backend.hadoop.executionengine.mapReduceLayer.MapReduceLauncher - Processing aliases add,group1
2018-11-13 18:40:40,090 [main] INFO  org.apache.pig.backend.hadoop.executionengine.mapReduceLayer.MapReduceLauncher - detailed locations: M: add[7,6],group1[6,9] C: add[7,6],group1[6,9] R: add[7,6]
2018-11-13 18:40:40,096 [main] INFO  org.apache.pig.backend.hadoop.executionengine.mapReduceLayer.MapReduceLauncher - Running jobs are [job_local181194800_0004]
2018-11-13 18:40:40,231 [main] INFO  org.apache.hadoop.metrics.jvm.JvmMetrics - Cannot initialize JVM Metrics with processName=JobTracker, sessionId= - already initialized
2018-11-13 18:40:40,235 [main] INFO  org.apache.hadoop.metrics.jvm.JvmMetrics - Cannot initialize JVM Metrics with processName=JobTracker, sessionId= - already initialized
2018-11-13 18:40:40,241 [main] INFO  org.apache.hadoop.metrics.jvm.JvmMetrics - Cannot initialize JVM Metrics with processName=JobTracker, sessionId= - already initialized
2018-11-13 18:40:40,247 [main] INFO  org.apache.pig.backend.hadoop.executionengine.mapReduceLayer.MapReduceLauncher - 100% complete
2018-11-13 18:40:40,249 [main] INFO  org.apache.pig.tools.pigstats.mapreduce.SimplePigStats - Script Statistics: 

HadoopVersion	PigVersion	UserId	StartedAt	FinishedAt	Features
2.6.0	0.16.0	hxs1136	2018-11-13 18:40:38	2018-11-13 18:40:40	HASH_JOIN,GROUP_BY

Success!

Job Stats (time in seconds):
JobId	Maps	Reduces	MaxMapTime	MinMapTime	AvgMapTime	MedianMapTime	MaxReduceTime	MinReduceTime	AvgReduceTime	MedianReducetime	Alias	Feature	Outputs
job_local181194800_0004	1	1	n/a	n/a	n/a	n/a	n/a	n/a	n/a	n/a	add,group1	GROUP_BY,COMBINER	file:/tmp/temp-71288734/tmp-1379730737,
job_local18979725_0003	2	1	n/a	n/a	n/a	n/a	n/a	n/a	n/a	n/a	M,N,join1,multiply1	HASH_JOIN	

Input(s):
Successfully read 11 records from: "file:///home/hxs1136/project6/M-matrix-small.txt"
Successfully read 8 records from: "file:///home/hxs1136/project6/N-matrix-small.txt"

Output(s):
Successfully stored 12 records in: "file:/tmp/temp-71288734/tmp-1379730737"

Counters:
Total records written : 12
Total bytes written : 0
Spillable Memory Manager spill count : 0
Total bags proactively spilled: 0
Total records proactively spilled: 0

Job DAG:
job_local18979725_0003	->	job_local181194800_0004,
job_local181194800_0004


2018-11-13 18:40:40,251 [main] INFO  org.apache.hadoop.metrics.jvm.JvmMetrics - Cannot initialize JVM Metrics with processName=JobTracker, sessionId= - already initialized
2018-11-13 18:40:40,255 [main] INFO  org.apache.hadoop.metrics.jvm.JvmMetrics - Cannot initialize JVM Metrics with processName=JobTracker, sessionId= - already initialized
2018-11-13 18:40:40,258 [main] INFO  org.apache.hadoop.metrics.jvm.JvmMetrics - Cannot initialize JVM Metrics with processName=JobTracker, sessionId= - already initialized
2018-11-13 18:40:40,289 [main] INFO  org.apache.hadoop.metrics.jvm.JvmMetrics - Cannot initialize JVM Metrics with processName=JobTracker, sessionId= - already initialized
2018-11-13 18:40:40,293 [main] INFO  org.apache.hadoop.metrics.jvm.JvmMetrics - Cannot initialize JVM Metrics with processName=JobTracker, sessionId= - already initialized
2018-11-13 18:40:40,297 [main] INFO  org.apache.hadoop.metrics.jvm.JvmMetrics - Cannot initialize JVM Metrics with processName=JobTracker, sessionId= - already initialized
2018-11-13 18:40:40,303 [main] INFO  org.apache.pig.backend.hadoop.executionengine.mapReduceLayer.MapReduceLauncher - Success!
2018-11-13 18:40:40,304 [main] INFO  org.apache.hadoop.conf.Configuration.deprecation - fs.default.name is deprecated. Instead, use fs.defaultFS
2018-11-13 18:40:40,304 [main] WARN  org.apache.pig.data.SchemaTupleBackend - SchemaTupleBackend has already been initialized
2018-11-13 18:40:40,380 [main] INFO  org.apache.hadoop.mapreduce.lib.input.FileInputFormat - Total input paths to process : 1
2018-11-13 18:40:40,380 [main] INFO  org.apache.pig.backend.hadoop.executionengine.util.MapRedUtil - Total input paths to process : 1
((0,0),7.0)
((0,1),-43.0)
((0,2),1.0)
((1,0),45.0)
((1,1),-9.0)
((1,2),1.0)
((2,0),59.0)
((2,1),21.0)
((2,2),-1.0)
((3,0),49.0)
((3,1),56.0)
((3,2),0.0)
2018-11-13 18:40:40,444 [main] INFO  org.apache.pig.Main - Pig script completed in 11 seconds and 181 milliseconds (11181 ms)
